[2024-01-04T12:21:43.899+0000] {taskinstance.py:1159} INFO - Dependencies all met for dep_context=non-requeueable deps ti=<TaskInstance: Task4.insert_into_product_returns scheduled__2024-01-04T11:06:00+00:00 [queued]>
[2024-01-04T12:21:43.927+0000] {taskinstance.py:1159} INFO - Dependencies all met for dep_context=requeueable deps ti=<TaskInstance: Task4.insert_into_product_returns scheduled__2024-01-04T11:06:00+00:00 [queued]>
[2024-01-04T12:21:43.931+0000] {taskinstance.py:1361} INFO - Starting attempt 1 of 2
[2024-01-04T12:21:44.218+0000] {taskinstance.py:1382} INFO - Executing <Task(PostgresOperator): insert_into_product_returns> on 2024-01-04 11:06:00+00:00
[2024-01-04T12:21:44.239+0000] {standard_task_runner.py:57} INFO - Started process 1005 to run task
[2024-01-04T12:21:44.259+0000] {standard_task_runner.py:84} INFO - Running: ['***', 'tasks', 'run', 'Task4', 'insert_into_product_returns', 'scheduled__2024-01-04T11:06:00+00:00', '--job-id', '850', '--raw', '--subdir', 'DAGS_FOLDER/Airflow-task-3.py', '--cfg-path', '/tmp/tmp6ih6cp3r']
[2024-01-04T12:21:44.263+0000] {standard_task_runner.py:85} INFO - Job 850: Subtask insert_into_product_returns
[2024-01-04T12:21:44.422+0000] {task_command.py:416} INFO - Running <TaskInstance: Task4.insert_into_product_returns scheduled__2024-01-04T11:06:00+00:00 [running]> on host 399e7321ffbc
[2024-01-04T12:21:44.628+0000] {taskinstance.py:1662} INFO - Exporting env vars: AIRFLOW_CTX_DAG_OWNER='Jagan' AIRFLOW_CTX_DAG_ID='Task4' AIRFLOW_CTX_TASK_ID='insert_into_product_returns' AIRFLOW_CTX_EXECUTION_DATE='2024-01-04T11:06:00+00:00' AIRFLOW_CTX_TRY_NUMBER='1' AIRFLOW_CTX_DAG_RUN_ID='scheduled__2024-01-04T11:06:00+00:00'
[2024-01-04T12:21:44.630+0000] {sql.py:274} INFO - Executing: 
    INSERT INTO Product_returns (return_id, customer_id, return_date)
    VALUES
        (1, 1, NOW()),
        (2, 2, NOW())
    ON CONFLICT (return_id) DO NOTHING;
[2024-01-04T12:21:44.650+0000] {base.py:73} INFO - Using connection ID 'postgres_localhost' for task execution.
[2024-01-04T12:21:44.669+0000] {base.py:73} INFO - Using connection ID 'postgres_localhost' for task execution.
[2024-01-04T12:21:44.767+0000] {sql.py:418} INFO - Running statement: 
    INSERT INTO Product_returns (return_id, customer_id, return_date)
    VALUES
        (1, 1, NOW()),
        (2, 2, NOW())
    ON CONFLICT (return_id) DO NOTHING;, parameters: None
[2024-01-04T12:21:44.773+0000] {sql.py:427} INFO - Rows affected: 0
[2024-01-04T12:21:44.803+0000] {taskinstance.py:1400} INFO - Marking task as SUCCESS. dag_id=Task4, task_id=insert_into_product_returns, execution_date=20240104T110600, start_date=20240104T122143, end_date=20240104T122144
[2024-01-04T12:21:44.873+0000] {local_task_job_runner.py:228} INFO - Task exited with return code 0
[2024-01-04T12:21:44.915+0000] {taskinstance.py:2778} INFO - 0 downstream tasks scheduled from follow-on schedule check
