[2024-01-04T12:03:13.572+0000] {taskinstance.py:1159} INFO - Dependencies all met for dep_context=non-requeueable deps ti=<TaskInstance: Task4.insert_into_product_returns scheduled__2024-01-04T00:54:00+00:00 [queued]>
[2024-01-04T12:03:13.596+0000] {taskinstance.py:1159} INFO - Dependencies all met for dep_context=requeueable deps ti=<TaskInstance: Task4.insert_into_product_returns scheduled__2024-01-04T00:54:00+00:00 [queued]>
[2024-01-04T12:03:13.597+0000] {taskinstance.py:1361} INFO - Starting attempt 2 of 2
[2024-01-04T12:03:13.644+0000] {taskinstance.py:1382} INFO - Executing <Task(PostgresOperator): insert_into_product_returns> on 2024-01-04 00:54:00+00:00
[2024-01-04T12:03:13.654+0000] {standard_task_runner.py:57} INFO - Started process 384 to run task
[2024-01-04T12:03:13.669+0000] {standard_task_runner.py:84} INFO - Running: ['***', 'tasks', 'run', 'Task4', 'insert_into_product_returns', 'scheduled__2024-01-04T00:54:00+00:00', '--job-id', '201', '--raw', '--subdir', 'DAGS_FOLDER/Airflow-task-3.py', '--cfg-path', '/tmp/tmp8jsastdl']
[2024-01-04T12:03:13.677+0000] {standard_task_runner.py:85} INFO - Job 201: Subtask insert_into_product_returns
[2024-01-04T12:03:13.923+0000] {task_command.py:416} INFO - Running <TaskInstance: Task4.insert_into_product_returns scheduled__2024-01-04T00:54:00+00:00 [running]> on host 399e7321ffbc
[2024-01-04T12:03:14.369+0000] {taskinstance.py:1662} INFO - Exporting env vars: AIRFLOW_CTX_DAG_OWNER='***' AIRFLOW_CTX_DAG_ID='Task4' AIRFLOW_CTX_TASK_ID='insert_into_product_returns' AIRFLOW_CTX_EXECUTION_DATE='2024-01-04T00:54:00+00:00' AIRFLOW_CTX_TRY_NUMBER='2' AIRFLOW_CTX_DAG_RUN_ID='scheduled__2024-01-04T00:54:00+00:00'
[2024-01-04T12:03:14.381+0000] {sql.py:274} INFO - Executing: 
    INSERT INTO Product_returns (return_id, customer_id, return_date)
    VALUES
    (1, 1, NOW() - INTERVAL '1 minute'),
    (2, 2, NOW() - INTERVAL '1 minute');
[2024-01-04T12:03:14.405+0000] {base.py:73} INFO - Using connection ID 'postgres_localhost' for task execution.
[2024-01-04T12:03:14.433+0000] {base.py:73} INFO - Using connection ID 'postgres_localhost' for task execution.
[2024-01-04T12:03:14.568+0000] {sql.py:418} INFO - Running statement: 
    INSERT INTO Product_returns (return_id, customer_id, return_date)
    VALUES
    (1, 1, NOW() - INTERVAL '1 minute'),
    (2, 2, NOW() - INTERVAL '1 minute');, parameters: None
[2024-01-04T12:03:14.584+0000] {taskinstance.py:1937} ERROR - Task failed with exception
Traceback (most recent call last):
  File "/home/airflow/.local/lib/python3.8/site-packages/airflow/providers/common/sql/operators/sql.py", line 280, in execute
    output = hook.run(
  File "/home/airflow/.local/lib/python3.8/site-packages/airflow/providers/common/sql/hooks/sql.py", line 392, in run
    self._run_command(cur, sql_statement, parameters)
  File "/home/airflow/.local/lib/python3.8/site-packages/airflow/providers/common/sql/hooks/sql.py", line 423, in _run_command
    cur.execute(sql_statement)
psycopg2.errors.UniqueViolation: duplicate key value violates unique constraint "product_returns_pkey"
DETAIL:  Key (return_id)=(1) already exists.

[2024-01-04T12:03:14.611+0000] {taskinstance.py:1400} INFO - Marking task as FAILED. dag_id=Task4, task_id=insert_into_product_returns, execution_date=20240104T005400, start_date=20240104T120313, end_date=20240104T120314
[2024-01-04T12:03:14.653+0000] {standard_task_runner.py:104} ERROR - Failed to execute job 201 for task insert_into_product_returns (duplicate key value violates unique constraint "product_returns_pkey"
DETAIL:  Key (return_id)=(1) already exists.
; 384)
[2024-01-04T12:03:14.676+0000] {local_task_job_runner.py:228} INFO - Task exited with return code 1
[2024-01-04T12:03:14.731+0000] {taskinstance.py:2778} INFO - 0 downstream tasks scheduled from follow-on schedule check
