[2024-01-04T12:09:09.941+0000] {taskinstance.py:1159} INFO - Dependencies all met for dep_context=non-requeueable deps ti=<TaskInstance: Task4.insert_into_orders scheduled__2024-01-04T02:08:00+00:00 [queued]>
[2024-01-04T12:09:09.961+0000] {taskinstance.py:1159} INFO - Dependencies all met for dep_context=requeueable deps ti=<TaskInstance: Task4.insert_into_orders scheduled__2024-01-04T02:08:00+00:00 [queued]>
[2024-01-04T12:09:09.962+0000] {taskinstance.py:1361} INFO - Starting attempt 1 of 2
[2024-01-04T12:09:09.997+0000] {taskinstance.py:1382} INFO - Executing <Task(PostgresOperator): insert_into_orders> on 2024-01-04 02:08:00+00:00
[2024-01-04T12:09:10.006+0000] {standard_task_runner.py:57} INFO - Started process 632 to run task
[2024-01-04T12:09:10.013+0000] {standard_task_runner.py:84} INFO - Running: ['***', 'tasks', 'run', 'Task4', 'insert_into_orders', 'scheduled__2024-01-04T02:08:00+00:00', '--job-id', '286', '--raw', '--subdir', 'DAGS_FOLDER/Airflow-task-3.py', '--cfg-path', '/tmp/tmpdaal2jrz']
[2024-01-04T12:09:10.018+0000] {standard_task_runner.py:85} INFO - Job 286: Subtask insert_into_orders
[2024-01-04T12:09:10.121+0000] {task_command.py:416} INFO - Running <TaskInstance: Task4.insert_into_orders scheduled__2024-01-04T02:08:00+00:00 [running]> on host 399e7321ffbc
[2024-01-04T12:09:10.393+0000] {taskinstance.py:1662} INFO - Exporting env vars: AIRFLOW_CTX_DAG_OWNER='Jagan' AIRFLOW_CTX_DAG_ID='Task4' AIRFLOW_CTX_TASK_ID='insert_into_orders' AIRFLOW_CTX_EXECUTION_DATE='2024-01-04T02:08:00+00:00' AIRFLOW_CTX_TRY_NUMBER='1' AIRFLOW_CTX_DAG_RUN_ID='scheduled__2024-01-04T02:08:00+00:00'
[2024-01-04T12:09:10.395+0000] {sql.py:274} INFO - Executing: 
    INSERT INTO Orders (order_id, customer_id, order_date)
    VALUES
        (1, 1, NOW() - INTERVAL '1 minute'),
        (2, 2, NOW() - INTERVAL '1 minute')
    ON CONFLICT (order_id) DO NOTHING;
[2024-01-04T12:09:10.441+0000] {base.py:73} INFO - Using connection ID 'postgres_localhost' for task execution.
[2024-01-04T12:09:10.469+0000] {base.py:73} INFO - Using connection ID 'postgres_localhost' for task execution.
[2024-01-04T12:09:10.691+0000] {sql.py:418} INFO - Running statement: 
    INSERT INTO Orders (order_id, customer_id, order_date)
    VALUES
        (1, 1, NOW() - INTERVAL '1 minute'),
        (2, 2, NOW() - INTERVAL '1 minute')
    ON CONFLICT (order_id) DO NOTHING;, parameters: None
[2024-01-04T12:09:10.700+0000] {sql.py:427} INFO - Rows affected: 0
[2024-01-04T12:09:10.744+0000] {taskinstance.py:1400} INFO - Marking task as SUCCESS. dag_id=Task4, task_id=insert_into_orders, execution_date=20240104T020800, start_date=20240104T120909, end_date=20240104T120910
[2024-01-04T12:09:10.849+0000] {local_task_job_runner.py:228} INFO - Task exited with return code 0
[2024-01-04T12:09:10.951+0000] {taskinstance.py:2778} INFO - 1 downstream tasks scheduled from follow-on schedule check
