[2024-01-04T12:08:38.672+0000] {taskinstance.py:1159} INFO - Dependencies all met for dep_context=non-requeueable deps ti=<TaskInstance: Task4.insert_into_product_returns scheduled__2024-01-04T01:30:00+00:00 [queued]>
[2024-01-04T12:08:38.688+0000] {taskinstance.py:1159} INFO - Dependencies all met for dep_context=requeueable deps ti=<TaskInstance: Task4.insert_into_product_returns scheduled__2024-01-04T01:30:00+00:00 [queued]>
[2024-01-04T12:08:38.689+0000] {taskinstance.py:1361} INFO - Starting attempt 1 of 2
[2024-01-04T12:08:38.711+0000] {taskinstance.py:1382} INFO - Executing <Task(PostgresOperator): insert_into_product_returns> on 2024-01-04 01:30:00+00:00
[2024-01-04T12:08:38.717+0000] {standard_task_runner.py:57} INFO - Started process 557 to run task
[2024-01-04T12:08:38.723+0000] {standard_task_runner.py:84} INFO - Running: ['***', 'tasks', 'run', 'Task4', 'insert_into_product_returns', 'scheduled__2024-01-04T01:30:00+00:00', '--job-id', '249', '--raw', '--subdir', 'DAGS_FOLDER/Airflow-task-3.py', '--cfg-path', '/tmp/tmp9wtf3l_7']
[2024-01-04T12:08:38.726+0000] {standard_task_runner.py:85} INFO - Job 249: Subtask insert_into_product_returns
[2024-01-04T12:08:38.821+0000] {task_command.py:416} INFO - Running <TaskInstance: Task4.insert_into_product_returns scheduled__2024-01-04T01:30:00+00:00 [running]> on host 399e7321ffbc
[2024-01-04T12:08:39.024+0000] {taskinstance.py:1662} INFO - Exporting env vars: AIRFLOW_CTX_DAG_OWNER='Jagan' AIRFLOW_CTX_DAG_ID='Task4' AIRFLOW_CTX_TASK_ID='insert_into_product_returns' AIRFLOW_CTX_EXECUTION_DATE='2024-01-04T01:30:00+00:00' AIRFLOW_CTX_TRY_NUMBER='1' AIRFLOW_CTX_DAG_RUN_ID='scheduled__2024-01-04T01:30:00+00:00'
[2024-01-04T12:08:39.025+0000] {sql.py:274} INFO - Executing: 
    INSERT INTO Product_returns (return_id, customer_id, return_date)
    VALUES
        (1, 1, NOW() - INTERVAL '1 minute'),
        (2, 2, NOW() - INTERVAL '1 minute')
    ON CONFLICT (return_id) DO NOTHING;
[2024-01-04T12:08:39.043+0000] {base.py:73} INFO - Using connection ID 'postgres_localhost' for task execution.
[2024-01-04T12:08:39.060+0000] {base.py:73} INFO - Using connection ID 'postgres_localhost' for task execution.
[2024-01-04T12:08:39.141+0000] {sql.py:418} INFO - Running statement: 
    INSERT INTO Product_returns (return_id, customer_id, return_date)
    VALUES
        (1, 1, NOW() - INTERVAL '1 minute'),
        (2, 2, NOW() - INTERVAL '1 minute')
    ON CONFLICT (return_id) DO NOTHING;, parameters: None
[2024-01-04T12:08:39.146+0000] {sql.py:427} INFO - Rows affected: 0
[2024-01-04T12:08:39.165+0000] {taskinstance.py:1400} INFO - Marking task as SUCCESS. dag_id=Task4, task_id=insert_into_product_returns, execution_date=20240104T013000, start_date=20240104T120838, end_date=20240104T120839
[2024-01-04T12:08:39.218+0000] {local_task_job_runner.py:228} INFO - Task exited with return code 0
[2024-01-04T12:08:39.256+0000] {taskinstance.py:2778} INFO - 0 downstream tasks scheduled from follow-on schedule check
