[2024-01-05T06:40:47.336+0000] {taskinstance.py:1159} INFO - Dependencies all met for dep_context=non-requeueable deps ti=<TaskInstance: Task4.insert_into_product_returns scheduled__2024-01-05T05:10:00+00:00 [queued]>
[2024-01-05T06:40:47.362+0000] {taskinstance.py:1159} INFO - Dependencies all met for dep_context=requeueable deps ti=<TaskInstance: Task4.insert_into_product_returns scheduled__2024-01-05T05:10:00+00:00 [queued]>
[2024-01-05T06:40:47.363+0000] {taskinstance.py:1361} INFO - Starting attempt 1 of 2
[2024-01-05T06:40:47.405+0000] {taskinstance.py:1382} INFO - Executing <Task(PostgresOperator): insert_into_product_returns> on 2024-01-05 05:10:00+00:00
[2024-01-05T06:40:47.413+0000] {standard_task_runner.py:57} INFO - Started process 916 to run task
[2024-01-05T06:40:47.420+0000] {standard_task_runner.py:84} INFO - Running: ['***', 'tasks', 'run', 'Task4', 'insert_into_product_returns', 'scheduled__2024-01-05T05:10:00+00:00', '--job-id', '3515', '--raw', '--subdir', 'DAGS_FOLDER/Airflow-task-3.py', '--cfg-path', '/tmp/tmp62w3rphc']
[2024-01-05T06:40:47.422+0000] {standard_task_runner.py:85} INFO - Job 3515: Subtask insert_into_product_returns
[2024-01-05T06:40:47.524+0000] {task_command.py:416} INFO - Running <TaskInstance: Task4.insert_into_product_returns scheduled__2024-01-05T05:10:00+00:00 [running]> on host 439392e7318f
[2024-01-05T06:40:47.739+0000] {taskinstance.py:1662} INFO - Exporting env vars: AIRFLOW_CTX_DAG_OWNER='Jagan' AIRFLOW_CTX_DAG_ID='Task4' AIRFLOW_CTX_TASK_ID='insert_into_product_returns' AIRFLOW_CTX_EXECUTION_DATE='2024-01-05T05:10:00+00:00' AIRFLOW_CTX_TRY_NUMBER='1' AIRFLOW_CTX_DAG_RUN_ID='scheduled__2024-01-05T05:10:00+00:00'
[2024-01-05T06:40:47.740+0000] {sql.py:274} INFO - Executing: 
    INSERT INTO Product_returns ( customer_id, return_date)
    VALUES
        (1, NOW()),
        (2, NOW())
[2024-01-05T06:40:47.762+0000] {base.py:73} INFO - Using connection ID 'postgres_localhost' for task execution.
[2024-01-05T06:40:47.781+0000] {base.py:73} INFO - Using connection ID 'postgres_localhost' for task execution.
[2024-01-05T06:40:47.870+0000] {sql.py:418} INFO - Running statement: 
    INSERT INTO Product_returns ( customer_id, return_date)
    VALUES
        (1, NOW()),
        (2, NOW()), parameters: None
[2024-01-05T06:40:47.879+0000] {sql.py:427} INFO - Rows affected: 2
[2024-01-05T06:40:47.896+0000] {taskinstance.py:1400} INFO - Marking task as SUCCESS. dag_id=Task4, task_id=insert_into_product_returns, execution_date=20240105T051000, start_date=20240105T064047, end_date=20240105T064047
[2024-01-05T06:40:47.954+0000] {local_task_job_runner.py:228} INFO - Task exited with return code 0
[2024-01-05T06:40:47.984+0000] {taskinstance.py:2778} INFO - 0 downstream tasks scheduled from follow-on schedule check
