[2024-01-04T11:58:06.758+0000] {taskinstance.py:1159} INFO - Dependencies all met for dep_context=non-requeueable deps ti=<TaskInstance: Task4.insert_into_product_returns scheduled__2024-01-04T00:44:00+00:00 [queued]>
[2024-01-04T11:58:06.828+0000] {taskinstance.py:1159} INFO - Dependencies all met for dep_context=requeueable deps ti=<TaskInstance: Task4.insert_into_product_returns scheduled__2024-01-04T00:44:00+00:00 [queued]>
[2024-01-04T11:58:06.833+0000] {taskinstance.py:1361} INFO - Starting attempt 1 of 2
[2024-01-04T11:58:06.911+0000] {taskinstance.py:1382} INFO - Executing <Task(PostgresOperator): insert_into_product_returns> on 2024-01-04 00:44:00+00:00
[2024-01-04T11:58:06.934+0000] {standard_task_runner.py:57} INFO - Started process 267 to run task
[2024-01-04T11:58:06.970+0000] {standard_task_runner.py:84} INFO - Running: ['***', 'tasks', 'run', 'Task4', 'insert_into_product_returns', 'scheduled__2024-01-04T00:44:00+00:00', '--job-id', '173', '--raw', '--subdir', 'DAGS_FOLDER/Airflow-task-3.py', '--cfg-path', '/tmp/tmppx5yx0af']
[2024-01-04T11:58:06.987+0000] {standard_task_runner.py:85} INFO - Job 173: Subtask insert_into_product_returns
[2024-01-04T11:58:07.406+0000] {task_command.py:416} INFO - Running <TaskInstance: Task4.insert_into_product_returns scheduled__2024-01-04T00:44:00+00:00 [running]> on host 399e7321ffbc
[2024-01-04T11:58:07.923+0000] {taskinstance.py:1662} INFO - Exporting env vars: AIRFLOW_CTX_DAG_OWNER='***' AIRFLOW_CTX_DAG_ID='Task4' AIRFLOW_CTX_TASK_ID='insert_into_product_returns' AIRFLOW_CTX_EXECUTION_DATE='2024-01-04T00:44:00+00:00' AIRFLOW_CTX_TRY_NUMBER='1' AIRFLOW_CTX_DAG_RUN_ID='scheduled__2024-01-04T00:44:00+00:00'
[2024-01-04T11:58:07.936+0000] {sql.py:274} INFO - Executing: 
    INSERT INTO Product_returns (return_id, customer_id, return_date)
    VALUES
    (1, 1, NOW() - INTERVAL '1 minute'),
    (2, 2, NOW() - INTERVAL '1 minute');
[2024-01-04T11:58:07.977+0000] {base.py:73} INFO - Using connection ID 'postgres_localhost' for task execution.
[2024-01-04T11:58:08.039+0000] {base.py:73} INFO - Using connection ID 'postgres_localhost' for task execution.
[2024-01-04T11:58:08.235+0000] {sql.py:418} INFO - Running statement: 
    INSERT INTO Product_returns (return_id, customer_id, return_date)
    VALUES
    (1, 1, NOW() - INTERVAL '1 minute'),
    (2, 2, NOW() - INTERVAL '1 minute');, parameters: None
[2024-01-04T11:58:08.259+0000] {taskinstance.py:1937} ERROR - Task failed with exception
Traceback (most recent call last):
  File "/home/airflow/.local/lib/python3.8/site-packages/airflow/providers/common/sql/operators/sql.py", line 280, in execute
    output = hook.run(
  File "/home/airflow/.local/lib/python3.8/site-packages/airflow/providers/common/sql/hooks/sql.py", line 392, in run
    self._run_command(cur, sql_statement, parameters)
  File "/home/airflow/.local/lib/python3.8/site-packages/airflow/providers/common/sql/hooks/sql.py", line 423, in _run_command
    cur.execute(sql_statement)
psycopg2.errors.UniqueViolation: duplicate key value violates unique constraint "product_returns_pkey"
DETAIL:  Key (return_id)=(1) already exists.

[2024-01-04T11:58:08.305+0000] {taskinstance.py:1400} INFO - Marking task as UP_FOR_RETRY. dag_id=Task4, task_id=insert_into_product_returns, execution_date=20240104T004400, start_date=20240104T115806, end_date=20240104T115808
[2024-01-04T11:58:08.390+0000] {standard_task_runner.py:104} ERROR - Failed to execute job 173 for task insert_into_product_returns (duplicate key value violates unique constraint "product_returns_pkey"
DETAIL:  Key (return_id)=(1) already exists.
; 267)
[2024-01-04T11:58:08.456+0000] {local_task_job_runner.py:228} INFO - Task exited with return code 1
[2024-01-04T11:58:08.553+0000] {taskinstance.py:2778} INFO - 0 downstream tasks scheduled from follow-on schedule check
