[2024-01-05T06:38:02.923+0000] {taskinstance.py:1159} INFO - Dependencies all met for dep_context=non-requeueable deps ti=<TaskInstance: Task4.insert_into_orders scheduled__2024-01-05T01:48:00+00:00 [queued]>
[2024-01-05T06:38:02.985+0000] {taskinstance.py:1159} INFO - Dependencies all met for dep_context=requeueable deps ti=<TaskInstance: Task4.insert_into_orders scheduled__2024-01-05T01:48:00+00:00 [queued]>
[2024-01-05T06:38:02.986+0000] {taskinstance.py:1361} INFO - Starting attempt 1 of 2
[2024-01-05T06:38:03.063+0000] {taskinstance.py:1382} INFO - Executing <Task(PostgresOperator): insert_into_orders> on 2024-01-05 01:48:00+00:00
[2024-01-05T06:38:03.074+0000] {standard_task_runner.py:57} INFO - Started process 301 to run task
[2024-01-05T06:38:03.094+0000] {standard_task_runner.py:84} INFO - Running: ['***', 'tasks', 'run', 'Task4', 'insert_into_orders', 'scheduled__2024-01-05T01:48:00+00:00', '--job-id', '3222', '--raw', '--subdir', 'DAGS_FOLDER/Airflow-task-3.py', '--cfg-path', '/tmp/tmpf83ya1vl']
[2024-01-05T06:38:03.101+0000] {standard_task_runner.py:85} INFO - Job 3222: Subtask insert_into_orders
[2024-01-05T06:38:03.298+0000] {task_command.py:416} INFO - Running <TaskInstance: Task4.insert_into_orders scheduled__2024-01-05T01:48:00+00:00 [running]> on host 439392e7318f
[2024-01-05T06:38:03.616+0000] {taskinstance.py:1662} INFO - Exporting env vars: AIRFLOW_CTX_DAG_OWNER='Jagan' AIRFLOW_CTX_DAG_ID='Task4' AIRFLOW_CTX_TASK_ID='insert_into_orders' AIRFLOW_CTX_EXECUTION_DATE='2024-01-05T01:48:00+00:00' AIRFLOW_CTX_TRY_NUMBER='1' AIRFLOW_CTX_DAG_RUN_ID='scheduled__2024-01-05T01:48:00+00:00'
[2024-01-05T06:38:03.621+0000] {sql.py:274} INFO - Executing: 
    INSERT INTO Orders (customer_id, order_date)
    VALUES
        (1, NOW()),
        ( 2, NOW())
[2024-01-05T06:38:03.644+0000] {base.py:73} INFO - Using connection ID 'postgres_localhost' for task execution.
[2024-01-05T06:38:03.667+0000] {base.py:73} INFO - Using connection ID 'postgres_localhost' for task execution.
[2024-01-05T06:38:03.909+0000] {sql.py:418} INFO - Running statement: 
    INSERT INTO Orders (customer_id, order_date)
    VALUES
        (1, NOW()),
        ( 2, NOW()), parameters: None
[2024-01-05T06:38:03.929+0000] {sql.py:427} INFO - Rows affected: 2
[2024-01-05T06:38:03.970+0000] {taskinstance.py:1400} INFO - Marking task as SUCCESS. dag_id=Task4, task_id=insert_into_orders, execution_date=20240105T014800, start_date=20240105T063802, end_date=20240105T063803
[2024-01-05T06:38:04.046+0000] {local_task_job_runner.py:228} INFO - Task exited with return code 0
[2024-01-05T06:38:04.214+0000] {taskinstance.py:2778} INFO - 0 downstream tasks scheduled from follow-on schedule check
