[2024-01-05T06:40:54.705+0000] {taskinstance.py:1159} INFO - Dependencies all met for dep_context=non-requeueable deps ti=<TaskInstance: Task4.insert_into_orders scheduled__2024-01-05T05:24:00+00:00 [queued]>
[2024-01-05T06:40:54.803+0000] {taskinstance.py:1159} INFO - Dependencies all met for dep_context=requeueable deps ti=<TaskInstance: Task4.insert_into_orders scheduled__2024-01-05T05:24:00+00:00 [queued]>
[2024-01-05T06:40:54.815+0000] {taskinstance.py:1361} INFO - Starting attempt 1 of 2
[2024-01-05T06:40:55.251+0000] {taskinstance.py:1382} INFO - Executing <Task(PostgresOperator): insert_into_orders> on 2024-01-05 05:24:00+00:00
[2024-01-05T06:40:55.261+0000] {standard_task_runner.py:57} INFO - Started process 940 to run task
[2024-01-05T06:40:55.292+0000] {standard_task_runner.py:84} INFO - Running: ['***', 'tasks', 'run', 'Task4', 'insert_into_orders', 'scheduled__2024-01-05T05:24:00+00:00', '--job-id', '3522', '--raw', '--subdir', 'DAGS_FOLDER/Airflow-task-3.py', '--cfg-path', '/tmp/tmpq5659uup']
[2024-01-05T06:40:55.295+0000] {standard_task_runner.py:85} INFO - Job 3522: Subtask insert_into_orders
[2024-01-05T06:40:55.669+0000] {task_command.py:416} INFO - Running <TaskInstance: Task4.insert_into_orders scheduled__2024-01-05T05:24:00+00:00 [running]> on host 439392e7318f
[2024-01-05T06:40:56.248+0000] {taskinstance.py:1662} INFO - Exporting env vars: AIRFLOW_CTX_DAG_OWNER='Jagan' AIRFLOW_CTX_DAG_ID='Task4' AIRFLOW_CTX_TASK_ID='insert_into_orders' AIRFLOW_CTX_EXECUTION_DATE='2024-01-05T05:24:00+00:00' AIRFLOW_CTX_TRY_NUMBER='1' AIRFLOW_CTX_DAG_RUN_ID='scheduled__2024-01-05T05:24:00+00:00'
[2024-01-05T06:40:56.256+0000] {sql.py:274} INFO - Executing: 
    INSERT INTO Orders (customer_id, order_date)
    VALUES
        (1, NOW()),
        ( 2, NOW())
[2024-01-05T06:40:56.284+0000] {base.py:73} INFO - Using connection ID 'postgres_localhost' for task execution.
[2024-01-05T06:40:56.310+0000] {base.py:73} INFO - Using connection ID 'postgres_localhost' for task execution.
[2024-01-05T06:40:56.457+0000] {sql.py:418} INFO - Running statement: 
    INSERT INTO Orders (customer_id, order_date)
    VALUES
        (1, NOW()),
        ( 2, NOW()), parameters: None
[2024-01-05T06:40:56.488+0000] {sql.py:427} INFO - Rows affected: 2
[2024-01-05T06:40:56.531+0000] {taskinstance.py:1400} INFO - Marking task as SUCCESS. dag_id=Task4, task_id=insert_into_orders, execution_date=20240105T052400, start_date=20240105T064054, end_date=20240105T064056
[2024-01-05T06:40:56.646+0000] {local_task_job_runner.py:228} INFO - Task exited with return code 0
[2024-01-05T06:40:56.779+0000] {taskinstance.py:2778} INFO - 1 downstream tasks scheduled from follow-on schedule check
