[2024-01-05T06:32:42.009+0000] {taskinstance.py:1159} INFO - Dependencies all met for dep_context=non-requeueable deps ti=<TaskInstance: Task4.insert_into_orders scheduled__2024-01-04T21:58:00+00:00 [queued]>
[2024-01-05T06:32:42.035+0000] {taskinstance.py:1159} INFO - Dependencies all met for dep_context=requeueable deps ti=<TaskInstance: Task4.insert_into_orders scheduled__2024-01-04T21:58:00+00:00 [queued]>
[2024-01-05T06:32:42.036+0000] {taskinstance.py:1361} INFO - Starting attempt 1 of 2
[2024-01-05T06:32:42.084+0000] {taskinstance.py:1382} INFO - Executing <Task(PostgresOperator): insert_into_orders> on 2024-01-04 21:58:00+00:00
[2024-01-05T06:32:42.094+0000] {standard_task_runner.py:57} INFO - Started process 1626 to run task
[2024-01-05T06:32:42.106+0000] {standard_task_runner.py:84} INFO - Running: ['***', 'tasks', 'run', 'Task4', 'insert_into_orders', 'scheduled__2024-01-04T21:58:00+00:00', '--job-id', '2928', '--raw', '--subdir', 'DAGS_FOLDER/Airflow-task-3.py', '--cfg-path', '/tmp/tmp89q39ifm']
[2024-01-05T06:32:42.108+0000] {standard_task_runner.py:85} INFO - Job 2928: Subtask insert_into_orders
[2024-01-05T06:32:42.242+0000] {task_command.py:416} INFO - Running <TaskInstance: Task4.insert_into_orders scheduled__2024-01-04T21:58:00+00:00 [running]> on host 73272df13e14
[2024-01-05T06:32:42.441+0000] {taskinstance.py:1662} INFO - Exporting env vars: AIRFLOW_CTX_DAG_OWNER='Jagan' AIRFLOW_CTX_DAG_ID='Task4' AIRFLOW_CTX_TASK_ID='insert_into_orders' AIRFLOW_CTX_EXECUTION_DATE='2024-01-04T21:58:00+00:00' AIRFLOW_CTX_TRY_NUMBER='1' AIRFLOW_CTX_DAG_RUN_ID='scheduled__2024-01-04T21:58:00+00:00'
[2024-01-05T06:32:42.443+0000] {sql.py:274} INFO - Executing: 
    INSERT INTO Orders (customer_id, order_date)
    VALUES
        (1, NOW()),
        ( 2, NOW())
[2024-01-05T06:32:42.461+0000] {base.py:73} INFO - Using connection ID 'postgres_localhost' for task execution.
[2024-01-05T06:32:42.487+0000] {base.py:73} INFO - Using connection ID 'postgres_localhost' for task execution.
[2024-01-05T06:32:42.617+0000] {sql.py:418} INFO - Running statement: 
    INSERT INTO Orders (customer_id, order_date)
    VALUES
        (1, NOW()),
        ( 2, NOW()), parameters: None
[2024-01-05T06:32:42.631+0000] {sql.py:427} INFO - Rows affected: 2
[2024-01-05T06:32:42.687+0000] {taskinstance.py:1400} INFO - Marking task as SUCCESS. dag_id=Task4, task_id=insert_into_orders, execution_date=20240104T215800, start_date=20240105T063242, end_date=20240105T063242
[2024-01-05T06:32:42.760+0000] {local_task_job_runner.py:228} INFO - Task exited with return code 0
[2024-01-05T06:32:42.844+0000] {taskinstance.py:2778} INFO - 1 downstream tasks scheduled from follow-on schedule check
