[2024-01-05T06:27:54.514+0000] {taskinstance.py:1159} INFO - Dependencies all met for dep_context=non-requeueable deps ti=<TaskInstance: Task4.insert_into_product_returns scheduled__2024-01-04T16:36:00+00:00 [queued]>
[2024-01-05T06:27:54.552+0000] {taskinstance.py:1159} INFO - Dependencies all met for dep_context=requeueable deps ti=<TaskInstance: Task4.insert_into_product_returns scheduled__2024-01-04T16:36:00+00:00 [queued]>
[2024-01-05T06:27:54.553+0000] {taskinstance.py:1361} INFO - Starting attempt 1 of 2
[2024-01-05T06:27:54.625+0000] {taskinstance.py:1382} INFO - Executing <Task(PostgresOperator): insert_into_product_returns> on 2024-01-04 16:36:00+00:00
[2024-01-05T06:27:54.662+0000] {standard_task_runner.py:57} INFO - Started process 667 to run task
[2024-01-05T06:27:54.669+0000] {standard_task_runner.py:84} INFO - Running: ['***', 'tasks', 'run', 'Task4', 'insert_into_product_returns', 'scheduled__2024-01-04T16:36:00+00:00', '--job-id', '2481', '--raw', '--subdir', 'DAGS_FOLDER/Airflow-task-3.py', '--cfg-path', '/tmp/tmp4cxk28qf']
[2024-01-05T06:27:54.686+0000] {standard_task_runner.py:85} INFO - Job 2481: Subtask insert_into_product_returns
[2024-01-05T06:27:55.069+0000] {task_command.py:416} INFO - Running <TaskInstance: Task4.insert_into_product_returns scheduled__2024-01-04T16:36:00+00:00 [running]> on host 73272df13e14
[2024-01-05T06:27:55.860+0000] {taskinstance.py:1662} INFO - Exporting env vars: AIRFLOW_CTX_DAG_OWNER='Jagan' AIRFLOW_CTX_DAG_ID='Task4' AIRFLOW_CTX_TASK_ID='insert_into_product_returns' AIRFLOW_CTX_EXECUTION_DATE='2024-01-04T16:36:00+00:00' AIRFLOW_CTX_TRY_NUMBER='1' AIRFLOW_CTX_DAG_RUN_ID='scheduled__2024-01-04T16:36:00+00:00'
[2024-01-05T06:27:55.865+0000] {sql.py:274} INFO - Executing: 
    INSERT INTO Product_returns ( customer_id, return_date)
    VALUES
        (1, NOW()),
        (2, NOW())
[2024-01-05T06:27:55.896+0000] {base.py:73} INFO - Using connection ID 'postgres_localhost' for task execution.
[2024-01-05T06:27:55.959+0000] {base.py:73} INFO - Using connection ID 'postgres_localhost' for task execution.
[2024-01-05T06:27:56.213+0000] {sql.py:418} INFO - Running statement: 
    INSERT INTO Product_returns ( customer_id, return_date)
    VALUES
        (1, NOW()),
        (2, NOW()), parameters: None
[2024-01-05T06:27:56.260+0000] {sql.py:427} INFO - Rows affected: 2
[2024-01-05T06:27:56.404+0000] {taskinstance.py:1400} INFO - Marking task as SUCCESS. dag_id=Task4, task_id=insert_into_product_returns, execution_date=20240104T163600, start_date=20240105T062754, end_date=20240105T062756
[2024-01-05T06:27:56.584+0000] {local_task_job_runner.py:228} INFO - Task exited with return code 0
[2024-01-05T06:27:56.949+0000] {taskinstance.py:2778} INFO - 0 downstream tasks scheduled from follow-on schedule check
