[2024-01-04T11:25:43.796+0000] {taskinstance.py:1159} INFO - Dependencies all met for dep_context=non-requeueable deps ti=<TaskInstance: Task-4.create_postgres_table scheduled__2024-01-01T00:00:00+00:00 [queued]>
[2024-01-04T11:25:43.811+0000] {taskinstance.py:1159} INFO - Dependencies all met for dep_context=requeueable deps ti=<TaskInstance: Task-4.create_postgres_table scheduled__2024-01-01T00:00:00+00:00 [queued]>
[2024-01-04T11:25:43.812+0000] {taskinstance.py:1361} INFO - Starting attempt 2 of 2
[2024-01-04T11:25:43.839+0000] {taskinstance.py:1382} INFO - Executing <Task(PostgresOperator): create_postgres_table> on 2024-01-01 00:00:00+00:00
[2024-01-04T11:25:43.845+0000] {standard_task_runner.py:57} INFO - Started process 2783 to run task
[2024-01-04T11:25:43.850+0000] {standard_task_runner.py:84} INFO - Running: ['***', 'tasks', 'run', 'Task-4', 'create_postgres_table', 'scheduled__2024-01-01T00:00:00+00:00', '--job-id', '97', '--raw', '--subdir', 'DAGS_FOLDER/Airflow-task-3.py', '--cfg-path', '/tmp/tmpustij5i5']
[2024-01-04T11:25:43.853+0000] {standard_task_runner.py:85} INFO - Job 97: Subtask create_postgres_table
[2024-01-04T11:25:43.933+0000] {task_command.py:416} INFO - Running <TaskInstance: Task-4.create_postgres_table scheduled__2024-01-01T00:00:00+00:00 [running]> on host 89e7ff4d9ff4
[2024-01-04T11:25:44.083+0000] {taskinstance.py:1662} INFO - Exporting env vars: AIRFLOW_CTX_DAG_OWNER='***' AIRFLOW_CTX_DAG_ID='Task-4' AIRFLOW_CTX_TASK_ID='create_postgres_table' AIRFLOW_CTX_EXECUTION_DATE='2024-01-01T00:00:00+00:00' AIRFLOW_CTX_TRY_NUMBER='2' AIRFLOW_CTX_DAG_RUN_ID='scheduled__2024-01-01T00:00:00+00:00'
[2024-01-04T11:25:44.085+0000] {sql.py:274} INFO - Executing: 
            CREATE TABLE IF NOT EXISTS your_table_name (
                column1 datatype1,
                column2 datatype2,
                -- add more columns as needed
            );
        
[2024-01-04T11:25:44.097+0000] {base.py:73} INFO - Using connection ID 'postgres_localhost' for task execution.
[2024-01-04T11:25:44.112+0000] {base.py:73} INFO - Using connection ID 'postgres_localhost' for task execution.
[2024-01-04T11:25:44.194+0000] {sql.py:418} INFO - Running statement: 
            CREATE TABLE IF NOT EXISTS your_table_name (
                column1 datatype1,
                column2 datatype2,
                -- add more columns as needed
            );
        , parameters: None
[2024-01-04T11:25:44.200+0000] {taskinstance.py:1937} ERROR - Task failed with exception
Traceback (most recent call last):
  File "/home/airflow/.local/lib/python3.8/site-packages/airflow/providers/common/sql/operators/sql.py", line 280, in execute
    output = hook.run(
  File "/home/airflow/.local/lib/python3.8/site-packages/airflow/providers/common/sql/hooks/sql.py", line 392, in run
    self._run_command(cur, sql_statement, parameters)
  File "/home/airflow/.local/lib/python3.8/site-packages/airflow/providers/common/sql/hooks/sql.py", line 423, in _run_command
    cur.execute(sql_statement)
psycopg2.errors.SyntaxError: syntax error at or near ")"
LINE 6:             );
                    ^

[2024-01-04T11:25:44.215+0000] {taskinstance.py:1400} INFO - Marking task as FAILED. dag_id=Task-4, task_id=create_postgres_table, execution_date=20240101T000000, start_date=20240104T112543, end_date=20240104T112544
[2024-01-04T11:25:44.239+0000] {standard_task_runner.py:104} ERROR - Failed to execute job 97 for task create_postgres_table (syntax error at or near ")"
LINE 6:             );
                    ^
; 2783)
[2024-01-04T11:25:44.265+0000] {local_task_job_runner.py:228} INFO - Task exited with return code 1
[2024-01-04T11:25:44.311+0000] {taskinstance.py:2778} INFO - 0 downstream tasks scheduled from follow-on schedule check
