[2024-01-05T06:31:48.906+0000] {taskinstance.py:1159} INFO - Dependencies all met for dep_context=non-requeueable deps ti=<TaskInstance: Task4.insert_into_orders scheduled__2024-01-04T20:50:00+00:00 [queued]>
[2024-01-05T06:31:48.943+0000] {taskinstance.py:1159} INFO - Dependencies all met for dep_context=requeueable deps ti=<TaskInstance: Task4.insert_into_orders scheduled__2024-01-04T20:50:00+00:00 [queued]>
[2024-01-05T06:31:48.957+0000] {taskinstance.py:1361} INFO - Starting attempt 1 of 2
[2024-01-05T06:31:49.387+0000] {taskinstance.py:1382} INFO - Executing <Task(PostgresOperator): insert_into_orders> on 2024-01-04 20:50:00+00:00
[2024-01-05T06:31:49.394+0000] {standard_task_runner.py:57} INFO - Started process 1485 to run task
[2024-01-05T06:31:49.410+0000] {standard_task_runner.py:84} INFO - Running: ['***', 'tasks', 'run', 'Task4', 'insert_into_orders', 'scheduled__2024-01-04T20:50:00+00:00', '--job-id', '2862', '--raw', '--subdir', 'DAGS_FOLDER/Airflow-task-3.py', '--cfg-path', '/tmp/tmppfui6hw4']
[2024-01-05T06:31:49.416+0000] {standard_task_runner.py:85} INFO - Job 2862: Subtask insert_into_orders
[2024-01-05T06:31:49.610+0000] {task_command.py:416} INFO - Running <TaskInstance: Task4.insert_into_orders scheduled__2024-01-04T20:50:00+00:00 [running]> on host 73272df13e14
[2024-01-05T06:31:49.833+0000] {taskinstance.py:1662} INFO - Exporting env vars: AIRFLOW_CTX_DAG_OWNER='Jagan' AIRFLOW_CTX_DAG_ID='Task4' AIRFLOW_CTX_TASK_ID='insert_into_orders' AIRFLOW_CTX_EXECUTION_DATE='2024-01-04T20:50:00+00:00' AIRFLOW_CTX_TRY_NUMBER='1' AIRFLOW_CTX_DAG_RUN_ID='scheduled__2024-01-04T20:50:00+00:00'
[2024-01-05T06:31:49.834+0000] {sql.py:274} INFO - Executing: 
    INSERT INTO Orders (customer_id, order_date)
    VALUES
        (1, NOW()),
        ( 2, NOW())
[2024-01-05T06:31:49.852+0000] {base.py:73} INFO - Using connection ID 'postgres_localhost' for task execution.
[2024-01-05T06:31:49.870+0000] {base.py:73} INFO - Using connection ID 'postgres_localhost' for task execution.
[2024-01-05T06:31:49.968+0000] {sql.py:418} INFO - Running statement: 
    INSERT INTO Orders (customer_id, order_date)
    VALUES
        (1, NOW()),
        ( 2, NOW()), parameters: None
[2024-01-05T06:31:49.978+0000] {sql.py:427} INFO - Rows affected: 2
[2024-01-05T06:31:49.997+0000] {taskinstance.py:1400} INFO - Marking task as SUCCESS. dag_id=Task4, task_id=insert_into_orders, execution_date=20240104T205000, start_date=20240105T063148, end_date=20240105T063149
[2024-01-05T06:31:50.037+0000] {local_task_job_runner.py:228} INFO - Task exited with return code 0
[2024-01-05T06:31:50.151+0000] {taskinstance.py:2778} INFO - 1 downstream tasks scheduled from follow-on schedule check
