[2024-01-05T06:38:31.972+0000] {taskinstance.py:1159} INFO - Dependencies all met for dep_context=non-requeueable deps ti=<TaskInstance: Task4.insert_into_product_returns scheduled__2024-01-05T02:22:00+00:00 [queued]>
[2024-01-05T06:38:31.994+0000] {taskinstance.py:1159} INFO - Dependencies all met for dep_context=requeueable deps ti=<TaskInstance: Task4.insert_into_product_returns scheduled__2024-01-05T02:22:00+00:00 [queued]>
[2024-01-05T06:38:31.995+0000] {taskinstance.py:1361} INFO - Starting attempt 1 of 2
[2024-01-05T06:38:32.059+0000] {taskinstance.py:1382} INFO - Executing <Task(PostgresOperator): insert_into_product_returns> on 2024-01-05 02:22:00+00:00
[2024-01-05T06:38:32.072+0000] {standard_task_runner.py:57} INFO - Started process 426 to run task
[2024-01-05T06:38:32.092+0000] {standard_task_runner.py:84} INFO - Running: ['***', 'tasks', 'run', 'Task4', 'insert_into_product_returns', 'scheduled__2024-01-05T02:22:00+00:00', '--job-id', '3280', '--raw', '--subdir', 'DAGS_FOLDER/Airflow-task-3.py', '--cfg-path', '/tmp/tmp3vnadbho']
[2024-01-05T06:38:32.103+0000] {standard_task_runner.py:85} INFO - Job 3280: Subtask insert_into_product_returns
[2024-01-05T06:38:32.281+0000] {task_command.py:416} INFO - Running <TaskInstance: Task4.insert_into_product_returns scheduled__2024-01-05T02:22:00+00:00 [running]> on host 439392e7318f
[2024-01-05T06:38:32.507+0000] {taskinstance.py:1662} INFO - Exporting env vars: AIRFLOW_CTX_DAG_OWNER='Jagan' AIRFLOW_CTX_DAG_ID='Task4' AIRFLOW_CTX_TASK_ID='insert_into_product_returns' AIRFLOW_CTX_EXECUTION_DATE='2024-01-05T02:22:00+00:00' AIRFLOW_CTX_TRY_NUMBER='1' AIRFLOW_CTX_DAG_RUN_ID='scheduled__2024-01-05T02:22:00+00:00'
[2024-01-05T06:38:32.509+0000] {sql.py:274} INFO - Executing: 
    INSERT INTO Product_returns ( customer_id, return_date)
    VALUES
        (1, NOW()),
        (2, NOW())
[2024-01-05T06:38:32.537+0000] {base.py:73} INFO - Using connection ID 'postgres_localhost' for task execution.
[2024-01-05T06:38:32.557+0000] {base.py:73} INFO - Using connection ID 'postgres_localhost' for task execution.
[2024-01-05T06:38:32.679+0000] {sql.py:418} INFO - Running statement: 
    INSERT INTO Product_returns ( customer_id, return_date)
    VALUES
        (1, NOW()),
        (2, NOW()), parameters: None
[2024-01-05T06:38:32.692+0000] {sql.py:427} INFO - Rows affected: 2
[2024-01-05T06:38:32.720+0000] {taskinstance.py:1400} INFO - Marking task as SUCCESS. dag_id=Task4, task_id=insert_into_product_returns, execution_date=20240105T022200, start_date=20240105T063831, end_date=20240105T063832
[2024-01-05T06:38:32.784+0000] {local_task_job_runner.py:228} INFO - Task exited with return code 0
[2024-01-05T06:38:32.816+0000] {taskinstance.py:2778} INFO - 0 downstream tasks scheduled from follow-on schedule check
