[2024-01-04T12:18:08.538+0000] {taskinstance.py:1159} INFO - Dependencies all met for dep_context=non-requeueable deps ti=<TaskInstance: Task4.insert_into_product_returns scheduled__2024-01-04T05:54:00+00:00 [queued]>
[2024-01-04T12:18:08.572+0000] {taskinstance.py:1159} INFO - Dependencies all met for dep_context=requeueable deps ti=<TaskInstance: Task4.insert_into_product_returns scheduled__2024-01-04T05:54:00+00:00 [queued]>
[2024-01-04T12:18:08.574+0000] {taskinstance.py:1361} INFO - Starting attempt 1 of 2
[2024-01-04T12:18:08.630+0000] {taskinstance.py:1382} INFO - Executing <Task(PostgresOperator): insert_into_product_returns> on 2024-01-04 05:54:00+00:00
[2024-01-04T12:18:08.639+0000] {standard_task_runner.py:57} INFO - Started process 345 to run task
[2024-01-04T12:18:08.648+0000] {standard_task_runner.py:84} INFO - Running: ['***', 'tasks', 'run', 'Task4', 'insert_into_product_returns', 'scheduled__2024-01-04T05:54:00+00:00', '--job-id', '539', '--raw', '--subdir', 'DAGS_FOLDER/Airflow-task-3.py', '--cfg-path', '/tmp/tmph6afof_8']
[2024-01-04T12:18:08.654+0000] {standard_task_runner.py:85} INFO - Job 539: Subtask insert_into_product_returns
[2024-01-04T12:18:08.801+0000] {task_command.py:416} INFO - Running <TaskInstance: Task4.insert_into_product_returns scheduled__2024-01-04T05:54:00+00:00 [running]> on host 399e7321ffbc
[2024-01-04T12:18:09.200+0000] {taskinstance.py:1662} INFO - Exporting env vars: AIRFLOW_CTX_DAG_OWNER='Jagan' AIRFLOW_CTX_DAG_ID='Task4' AIRFLOW_CTX_TASK_ID='insert_into_product_returns' AIRFLOW_CTX_EXECUTION_DATE='2024-01-04T05:54:00+00:00' AIRFLOW_CTX_TRY_NUMBER='1' AIRFLOW_CTX_DAG_RUN_ID='scheduled__2024-01-04T05:54:00+00:00'
[2024-01-04T12:18:09.210+0000] {sql.py:274} INFO - Executing: 
    INSERT INTO Product_returns (return_id, customer_id, return_date)
    VALUES
        (1, 1, NOW() - INTERVAL '1 minute'),
        (2, 2, NOW() - INTERVAL '1 minute')
    ON CONFLICT (return_id) DO NOTHING;
[2024-01-04T12:18:09.242+0000] {base.py:73} INFO - Using connection ID 'postgres_localhost' for task execution.
[2024-01-04T12:18:09.354+0000] {base.py:73} INFO - Using connection ID 'postgres_localhost' for task execution.
[2024-01-04T12:18:09.497+0000] {sql.py:418} INFO - Running statement: 
    INSERT INTO Product_returns (return_id, customer_id, return_date)
    VALUES
        (1, 1, NOW() - INTERVAL '1 minute'),
        (2, 2, NOW() - INTERVAL '1 minute')
    ON CONFLICT (return_id) DO NOTHING;, parameters: None
[2024-01-04T12:18:09.510+0000] {sql.py:427} INFO - Rows affected: 0
[2024-01-04T12:18:09.567+0000] {taskinstance.py:1400} INFO - Marking task as SUCCESS. dag_id=Task4, task_id=insert_into_product_returns, execution_date=20240104T055400, start_date=20240104T121808, end_date=20240104T121809
[2024-01-04T12:18:09.649+0000] {local_task_job_runner.py:228} INFO - Task exited with return code 0
[2024-01-04T12:18:09.711+0000] {taskinstance.py:2778} INFO - 0 downstream tasks scheduled from follow-on schedule check
