[2024-01-04T13:36:03.912+0000] {taskinstance.py:1159} INFO - Dependencies all met for dep_context=non-requeueable deps ti=<TaskInstance: Task5.calculate_purchase_details_task scheduled__2024-01-03T12:04:00+00:00 [queued]>
[2024-01-04T13:36:03.962+0000] {taskinstance.py:1159} INFO - Dependencies all met for dep_context=requeueable deps ti=<TaskInstance: Task5.calculate_purchase_details_task scheduled__2024-01-03T12:04:00+00:00 [queued]>
[2024-01-04T13:36:03.965+0000] {taskinstance.py:1361} INFO - Starting attempt 1 of 2
[2024-01-04T13:36:04.014+0000] {taskinstance.py:1382} INFO - Executing <Task(PostgresOperator): calculate_purchase_details_task> on 2024-01-03 12:04:00+00:00
[2024-01-04T13:36:04.029+0000] {standard_task_runner.py:57} INFO - Started process 391 to run task
[2024-01-04T13:36:04.040+0000] {standard_task_runner.py:84} INFO - Running: ['***', 'tasks', 'run', 'Task5', 'calculate_purchase_details_task', 'scheduled__2024-01-03T12:04:00+00:00', '--job-id', '1915', '--raw', '--subdir', 'DAGS_FOLDER/Airflow-task-4.py', '--cfg-path', '/tmp/tmpdif17myp']
[2024-01-04T13:36:04.046+0000] {standard_task_runner.py:85} INFO - Job 1915: Subtask calculate_purchase_details_task
[2024-01-04T13:36:04.224+0000] {task_command.py:416} INFO - Running <TaskInstance: Task5.calculate_purchase_details_task scheduled__2024-01-03T12:04:00+00:00 [running]> on host 399e7321ffbc
[2024-01-04T13:36:04.604+0000] {taskinstance.py:1662} INFO - Exporting env vars: AIRFLOW_CTX_DAG_OWNER='Jagan' AIRFLOW_CTX_DAG_ID='Task5' AIRFLOW_CTX_TASK_ID='calculate_purchase_details_task' AIRFLOW_CTX_EXECUTION_DATE='2024-01-03T12:04:00+00:00' AIRFLOW_CTX_TRY_NUMBER='1' AIRFLOW_CTX_DAG_RUN_ID='scheduled__2024-01-03T12:04:00+00:00'
[2024-01-04T13:36:04.608+0000] {sql.py:274} INFO - Executing: 
INSERT INTO Purchase_details (customer_id, total_orders, total_returns, created_time)
SELECT
    o.customer_id,
    COUNT(DISTINCT o.order_id) AS total_orders,
    COUNT(DISTINCT pr.return_id) AS total_returns,
    NOW() AS created_time
FROM
    Orders o
LEFT JOIN
    Product_returns pr ON o.customer_id = pr.customer_id
GROUP BY
    o.customer_id;
[2024-01-04T13:36:04.657+0000] {base.py:73} INFO - Using connection ID 'postgres_localhost' for task execution.
[2024-01-04T13:36:04.699+0000] {base.py:73} INFO - Using connection ID 'postgres_localhost' for task execution.
[2024-01-04T13:36:04.881+0000] {sql.py:418} INFO - Running statement: 
INSERT INTO Purchase_details (customer_id, total_orders, total_returns, created_time)
SELECT
    o.customer_id,
    COUNT(DISTINCT o.order_id) AS total_orders,
    COUNT(DISTINCT pr.return_id) AS total_returns,
    NOW() AS created_time
FROM
    Orders o
LEFT JOIN
    Product_returns pr ON o.customer_id = pr.customer_id
GROUP BY
    o.customer_id;, parameters: None
[2024-01-04T13:36:04.920+0000] {sql.py:427} INFO - Rows affected: 5
[2024-01-04T13:36:04.969+0000] {taskinstance.py:1400} INFO - Marking task as SUCCESS. dag_id=Task5, task_id=calculate_purchase_details_task, execution_date=20240103T120400, start_date=20240104T133603, end_date=20240104T133604
[2024-01-04T13:36:05.067+0000] {local_task_job_runner.py:228} INFO - Task exited with return code 0
[2024-01-04T13:36:05.187+0000] {taskinstance.py:2778} INFO - 0 downstream tasks scheduled from follow-on schedule check
