[2024-01-04T12:22:04.414+0000] {taskinstance.py:1159} INFO - Dependencies all met for dep_context=non-requeueable deps ti=<TaskInstance: Task4.insert_into_product_returns scheduled__2024-01-04T11:40:00+00:00 [queued]>
[2024-01-04T12:22:04.463+0000] {taskinstance.py:1159} INFO - Dependencies all met for dep_context=requeueable deps ti=<TaskInstance: Task4.insert_into_product_returns scheduled__2024-01-04T11:40:00+00:00 [queued]>
[2024-01-04T12:22:04.470+0000] {taskinstance.py:1361} INFO - Starting attempt 1 of 2
[2024-01-04T12:22:04.601+0000] {taskinstance.py:1382} INFO - Executing <Task(PostgresOperator): insert_into_product_returns> on 2024-01-04 11:40:00+00:00
[2024-01-04T12:22:04.617+0000] {standard_task_runner.py:57} INFO - Started process 1079 to run task
[2024-01-04T12:22:04.640+0000] {standard_task_runner.py:84} INFO - Running: ['***', 'tasks', 'run', 'Task4', 'insert_into_product_returns', 'scheduled__2024-01-04T11:40:00+00:00', '--job-id', '882', '--raw', '--subdir', 'DAGS_FOLDER/Airflow-task-3.py', '--cfg-path', '/tmp/tmpq6uur28m']
[2024-01-04T12:22:04.653+0000] {standard_task_runner.py:85} INFO - Job 882: Subtask insert_into_product_returns
[2024-01-04T12:22:04.959+0000] {task_command.py:416} INFO - Running <TaskInstance: Task4.insert_into_product_returns scheduled__2024-01-04T11:40:00+00:00 [running]> on host 399e7321ffbc
[2024-01-04T12:22:05.673+0000] {taskinstance.py:1662} INFO - Exporting env vars: AIRFLOW_CTX_DAG_OWNER='Jagan' AIRFLOW_CTX_DAG_ID='Task4' AIRFLOW_CTX_TASK_ID='insert_into_product_returns' AIRFLOW_CTX_EXECUTION_DATE='2024-01-04T11:40:00+00:00' AIRFLOW_CTX_TRY_NUMBER='1' AIRFLOW_CTX_DAG_RUN_ID='scheduled__2024-01-04T11:40:00+00:00'
[2024-01-04T12:22:05.687+0000] {sql.py:274} INFO - Executing: 
    INSERT INTO Product_returns (return_id, customer_id, return_date)
    VALUES
        (1, 1, NOW()),
        (2, 2, NOW())
    ON CONFLICT (return_id) DO NOTHING;
[2024-01-04T12:22:05.741+0000] {base.py:73} INFO - Using connection ID 'postgres_localhost' for task execution.
[2024-01-04T12:22:05.849+0000] {base.py:73} INFO - Using connection ID 'postgres_localhost' for task execution.
[2024-01-04T12:22:06.022+0000] {sql.py:418} INFO - Running statement: 
    INSERT INTO Product_returns (return_id, customer_id, return_date)
    VALUES
        (1, 1, NOW()),
        (2, 2, NOW())
    ON CONFLICT (return_id) DO NOTHING;, parameters: None
[2024-01-04T12:22:06.037+0000] {sql.py:427} INFO - Rows affected: 0
[2024-01-04T12:22:06.103+0000] {taskinstance.py:1400} INFO - Marking task as SUCCESS. dag_id=Task4, task_id=insert_into_product_returns, execution_date=20240104T114000, start_date=20240104T122204, end_date=20240104T122206
[2024-01-04T12:22:06.226+0000] {local_task_job_runner.py:228} INFO - Task exited with return code 0
[2024-01-04T12:22:06.405+0000] {taskinstance.py:2778} INFO - 0 downstream tasks scheduled from follow-on schedule check
