[2024-01-04T12:21:40.499+0000] {taskinstance.py:1159} INFO - Dependencies all met for dep_context=non-requeueable deps ti=<TaskInstance: Task4.insert_into_orders scheduled__2024-01-04T11:06:00+00:00 [queued]>
[2024-01-04T12:21:40.527+0000] {taskinstance.py:1159} INFO - Dependencies all met for dep_context=requeueable deps ti=<TaskInstance: Task4.insert_into_orders scheduled__2024-01-04T11:06:00+00:00 [queued]>
[2024-01-04T12:21:40.528+0000] {taskinstance.py:1361} INFO - Starting attempt 1 of 2
[2024-01-04T12:21:40.592+0000] {taskinstance.py:1382} INFO - Executing <Task(PostgresOperator): insert_into_orders> on 2024-01-04 11:06:00+00:00
[2024-01-04T12:21:40.603+0000] {standard_task_runner.py:57} INFO - Started process 989 to run task
[2024-01-04T12:21:40.611+0000] {standard_task_runner.py:84} INFO - Running: ['***', 'tasks', 'run', 'Task4', 'insert_into_orders', 'scheduled__2024-01-04T11:06:00+00:00', '--job-id', '843', '--raw', '--subdir', 'DAGS_FOLDER/Airflow-task-3.py', '--cfg-path', '/tmp/tmpl0pghygq']
[2024-01-04T12:21:40.635+0000] {standard_task_runner.py:85} INFO - Job 843: Subtask insert_into_orders
[2024-01-04T12:21:40.858+0000] {task_command.py:416} INFO - Running <TaskInstance: Task4.insert_into_orders scheduled__2024-01-04T11:06:00+00:00 [running]> on host 399e7321ffbc
[2024-01-04T12:21:41.182+0000] {taskinstance.py:1662} INFO - Exporting env vars: AIRFLOW_CTX_DAG_OWNER='Jagan' AIRFLOW_CTX_DAG_ID='Task4' AIRFLOW_CTX_TASK_ID='insert_into_orders' AIRFLOW_CTX_EXECUTION_DATE='2024-01-04T11:06:00+00:00' AIRFLOW_CTX_TRY_NUMBER='1' AIRFLOW_CTX_DAG_RUN_ID='scheduled__2024-01-04T11:06:00+00:00'
[2024-01-04T12:21:41.184+0000] {sql.py:274} INFO - Executing: 
    INSERT INTO Orders (order_id, customer_id, order_date)
    VALUES
        (1, 1, NOW()),
        (2, 2, NOW())
    ON CONFLICT (order_id) DO NOTHING;
[2024-01-04T12:21:41.216+0000] {base.py:73} INFO - Using connection ID 'postgres_localhost' for task execution.
[2024-01-04T12:21:41.255+0000] {base.py:73} INFO - Using connection ID 'postgres_localhost' for task execution.
[2024-01-04T12:21:41.378+0000] {sql.py:418} INFO - Running statement: 
    INSERT INTO Orders (order_id, customer_id, order_date)
    VALUES
        (1, 1, NOW()),
        (2, 2, NOW())
    ON CONFLICT (order_id) DO NOTHING;, parameters: None
[2024-01-04T12:21:41.385+0000] {sql.py:427} INFO - Rows affected: 0
[2024-01-04T12:21:41.415+0000] {taskinstance.py:1400} INFO - Marking task as SUCCESS. dag_id=Task4, task_id=insert_into_orders, execution_date=20240104T110600, start_date=20240104T122140, end_date=20240104T122141
[2024-01-04T12:21:41.694+0000] {local_task_job_runner.py:228} INFO - Task exited with return code 0
[2024-01-04T12:21:41.808+0000] {taskinstance.py:2778} INFO - 1 downstream tasks scheduled from follow-on schedule check
