[2024-01-04T13:34:47.528+0000] {taskinstance.py:1159} INFO - Dependencies all met for dep_context=non-requeueable deps ti=<TaskInstance: Task5.calculate_purchase_details_task scheduled__2024-01-03T06:24:00+00:00 [queued]>
[2024-01-04T13:34:47.564+0000] {taskinstance.py:1159} INFO - Dependencies all met for dep_context=requeueable deps ti=<TaskInstance: Task5.calculate_purchase_details_task scheduled__2024-01-03T06:24:00+00:00 [queued]>
[2024-01-04T13:34:47.580+0000] {taskinstance.py:1361} INFO - Starting attempt 1 of 2
[2024-01-04T13:34:47.630+0000] {taskinstance.py:1382} INFO - Executing <Task(PostgresOperator): calculate_purchase_details_task> on 2024-01-03 06:24:00+00:00
[2024-01-04T13:34:47.644+0000] {standard_task_runner.py:57} INFO - Started process 200 to run task
[2024-01-04T13:34:47.651+0000] {standard_task_runner.py:84} INFO - Running: ['***', 'tasks', 'run', 'Task5', 'calculate_purchase_details_task', 'scheduled__2024-01-03T06:24:00+00:00', '--job-id', '1828', '--raw', '--subdir', 'DAGS_FOLDER/Airflow-task-4.py', '--cfg-path', '/tmp/tmpy2ycjtc9']
[2024-01-04T13:34:47.656+0000] {standard_task_runner.py:85} INFO - Job 1828: Subtask calculate_purchase_details_task
[2024-01-04T13:34:47.829+0000] {task_command.py:416} INFO - Running <TaskInstance: Task5.calculate_purchase_details_task scheduled__2024-01-03T06:24:00+00:00 [running]> on host 399e7321ffbc
[2024-01-04T13:34:48.067+0000] {taskinstance.py:1662} INFO - Exporting env vars: AIRFLOW_CTX_DAG_OWNER='Jagan' AIRFLOW_CTX_DAG_ID='Task5' AIRFLOW_CTX_TASK_ID='calculate_purchase_details_task' AIRFLOW_CTX_EXECUTION_DATE='2024-01-03T06:24:00+00:00' AIRFLOW_CTX_TRY_NUMBER='1' AIRFLOW_CTX_DAG_RUN_ID='scheduled__2024-01-03T06:24:00+00:00'
[2024-01-04T13:34:48.071+0000] {sql.py:274} INFO - Executing: 
INSERT INTO Purchase_details (customer_id, total_orders, total_returns, created_time)
SELECT
    o.customer_id,
    COUNT(DISTINCT o.order_id) AS total_orders,
    COUNT(DISTINCT pr.return_id) AS total_returns,
    NOW() AS created_time
FROM
    Orders o
LEFT JOIN
    Product_returns pr ON o.customer_id = pr.customer_id
GROUP BY
    o.customer_id;
[2024-01-04T13:34:48.100+0000] {base.py:73} INFO - Using connection ID 'postgres_localhost' for task execution.
[2024-01-04T13:34:48.124+0000] {base.py:73} INFO - Using connection ID 'postgres_localhost' for task execution.
[2024-01-04T13:34:48.222+0000] {sql.py:418} INFO - Running statement: 
INSERT INTO Purchase_details (customer_id, total_orders, total_returns, created_time)
SELECT
    o.customer_id,
    COUNT(DISTINCT o.order_id) AS total_orders,
    COUNT(DISTINCT pr.return_id) AS total_returns,
    NOW() AS created_time
FROM
    Orders o
LEFT JOIN
    Product_returns pr ON o.customer_id = pr.customer_id
GROUP BY
    o.customer_id;, parameters: None
[2024-01-04T13:34:48.238+0000] {sql.py:427} INFO - Rows affected: 5
[2024-01-04T13:34:48.268+0000] {taskinstance.py:1400} INFO - Marking task as SUCCESS. dag_id=Task5, task_id=calculate_purchase_details_task, execution_date=20240103T062400, start_date=20240104T133447, end_date=20240104T133448
[2024-01-04T13:34:48.312+0000] {local_task_job_runner.py:228} INFO - Task exited with return code 0
[2024-01-04T13:34:48.372+0000] {taskinstance.py:2778} INFO - 0 downstream tasks scheduled from follow-on schedule check
