[2024-01-04T12:21:11.388+0000] {taskinstance.py:1159} INFO - Dependencies all met for dep_context=non-requeueable deps ti=<TaskInstance: Task4.insert_into_product_returns scheduled__2024-01-04T10:18:00+00:00 [queued]>
[2024-01-04T12:21:11.408+0000] {taskinstance.py:1159} INFO - Dependencies all met for dep_context=requeueable deps ti=<TaskInstance: Task4.insert_into_product_returns scheduled__2024-01-04T10:18:00+00:00 [queued]>
[2024-01-04T12:21:11.409+0000] {taskinstance.py:1361} INFO - Starting attempt 1 of 2
[2024-01-04T12:21:11.436+0000] {taskinstance.py:1382} INFO - Executing <Task(PostgresOperator): insert_into_product_returns> on 2024-01-04 10:18:00+00:00
[2024-01-04T12:21:11.444+0000] {standard_task_runner.py:57} INFO - Started process 895 to run task
[2024-01-04T12:21:11.451+0000] {standard_task_runner.py:84} INFO - Running: ['***', 'tasks', 'run', 'Task4', 'insert_into_product_returns', 'scheduled__2024-01-04T10:18:00+00:00', '--job-id', '797', '--raw', '--subdir', 'DAGS_FOLDER/Airflow-task-3.py', '--cfg-path', '/tmp/tmplumvgj30']
[2024-01-04T12:21:11.454+0000] {standard_task_runner.py:85} INFO - Job 797: Subtask insert_into_product_returns
[2024-01-04T12:21:11.571+0000] {task_command.py:416} INFO - Running <TaskInstance: Task4.insert_into_product_returns scheduled__2024-01-04T10:18:00+00:00 [running]> on host 399e7321ffbc
[2024-01-04T12:21:11.867+0000] {taskinstance.py:1662} INFO - Exporting env vars: AIRFLOW_CTX_DAG_OWNER='Jagan' AIRFLOW_CTX_DAG_ID='Task4' AIRFLOW_CTX_TASK_ID='insert_into_product_returns' AIRFLOW_CTX_EXECUTION_DATE='2024-01-04T10:18:00+00:00' AIRFLOW_CTX_TRY_NUMBER='1' AIRFLOW_CTX_DAG_RUN_ID='scheduled__2024-01-04T10:18:00+00:00'
[2024-01-04T12:21:11.869+0000] {sql.py:274} INFO - Executing: 
    INSERT INTO Product_returns (return_id, customer_id, return_date)
    VALUES
        (1, 1, NOW()),
        (2, 2, NOW())
    ON CONFLICT (return_id) DO NOTHING;
[2024-01-04T12:21:11.894+0000] {base.py:73} INFO - Using connection ID 'postgres_localhost' for task execution.
[2024-01-04T12:21:11.921+0000] {base.py:73} INFO - Using connection ID 'postgres_localhost' for task execution.
[2024-01-04T12:21:12.037+0000] {sql.py:418} INFO - Running statement: 
    INSERT INTO Product_returns (return_id, customer_id, return_date)
    VALUES
        (1, 1, NOW()),
        (2, 2, NOW())
    ON CONFLICT (return_id) DO NOTHING;, parameters: None
[2024-01-04T12:21:12.046+0000] {sql.py:427} INFO - Rows affected: 0
[2024-01-04T12:21:12.068+0000] {taskinstance.py:1400} INFO - Marking task as SUCCESS. dag_id=Task4, task_id=insert_into_product_returns, execution_date=20240104T101800, start_date=20240104T122111, end_date=20240104T122112
[2024-01-04T12:21:12.195+0000] {local_task_job_runner.py:228} INFO - Task exited with return code 0
[2024-01-04T12:21:12.240+0000] {taskinstance.py:2778} INFO - 0 downstream tasks scheduled from follow-on schedule check
