[2024-01-04T13:28:19.910+0000] {taskinstance.py:1159} INFO - Dependencies all met for dep_context=non-requeueable deps ti=<TaskInstance: Task5.calculate_purchase_details_task scheduled__2024-01-02T08:20:00+00:00 [queued]>
[2024-01-04T13:28:19.942+0000] {taskinstance.py:1159} INFO - Dependencies all met for dep_context=requeueable deps ti=<TaskInstance: Task5.calculate_purchase_details_task scheduled__2024-01-02T08:20:00+00:00 [queued]>
[2024-01-04T13:28:19.950+0000] {taskinstance.py:1361} INFO - Starting attempt 1 of 2
[2024-01-04T13:28:20.206+0000] {taskinstance.py:1382} INFO - Executing <Task(PostgresOperator): calculate_purchase_details_task> on 2024-01-02 08:20:00+00:00
[2024-01-04T13:28:20.220+0000] {standard_task_runner.py:57} INFO - Started process 843 to run task
[2024-01-04T13:28:20.230+0000] {standard_task_runner.py:84} INFO - Running: ['***', 'tasks', 'run', 'Task5', 'calculate_purchase_details_task', 'scheduled__2024-01-02T08:20:00+00:00', '--job-id', '1486', '--raw', '--subdir', 'DAGS_FOLDER/Airflow-task-4.py', '--cfg-path', '/tmp/tmpjj4bpxpd']
[2024-01-04T13:28:20.236+0000] {standard_task_runner.py:85} INFO - Job 1486: Subtask calculate_purchase_details_task
[2024-01-04T13:28:20.474+0000] {task_command.py:416} INFO - Running <TaskInstance: Task5.calculate_purchase_details_task scheduled__2024-01-02T08:20:00+00:00 [running]> on host 399e7321ffbc
[2024-01-04T13:28:20.765+0000] {taskinstance.py:1662} INFO - Exporting env vars: AIRFLOW_CTX_DAG_OWNER='Jagan' AIRFLOW_CTX_DAG_ID='Task5' AIRFLOW_CTX_TASK_ID='calculate_purchase_details_task' AIRFLOW_CTX_EXECUTION_DATE='2024-01-02T08:20:00+00:00' AIRFLOW_CTX_TRY_NUMBER='1' AIRFLOW_CTX_DAG_RUN_ID='scheduled__2024-01-02T08:20:00+00:00'
[2024-01-04T13:28:20.768+0000] {sql.py:274} INFO - Executing: 
INSERT INTO Purchase_details (customer_id, total_orders, total_returns, created_time)
SELECT
    o.customer_id,
    COUNT(DISTINCT o.order_id) AS total_orders,
    COUNT(DISTINCT pr.return_id) AS total_returns,
    NOW() AS created_time
FROM
    Orders o
LEFT JOIN
    Product_returns pr ON o.customer_id = pr.customer_id
GROUP BY
    o.customer_id;
[2024-01-04T13:28:20.799+0000] {base.py:73} INFO - Using connection ID 'postgres_localhost' for task execution.
[2024-01-04T13:28:20.859+0000] {base.py:73} INFO - Using connection ID 'postgres_localhost' for task execution.
[2024-01-04T13:28:20.993+0000] {sql.py:418} INFO - Running statement: 
INSERT INTO Purchase_details (customer_id, total_orders, total_returns, created_time)
SELECT
    o.customer_id,
    COUNT(DISTINCT o.order_id) AS total_orders,
    COUNT(DISTINCT pr.return_id) AS total_returns,
    NOW() AS created_time
FROM
    Orders o
LEFT JOIN
    Product_returns pr ON o.customer_id = pr.customer_id
GROUP BY
    o.customer_id;, parameters: None
[2024-01-04T13:28:21.016+0000] {sql.py:427} INFO - Rows affected: 5
[2024-01-04T13:28:21.065+0000] {taskinstance.py:1400} INFO - Marking task as SUCCESS. dag_id=Task5, task_id=calculate_purchase_details_task, execution_date=20240102T082000, start_date=20240104T132819, end_date=20240104T132821
[2024-01-04T13:28:21.164+0000] {local_task_job_runner.py:228} INFO - Task exited with return code 0
[2024-01-04T13:28:21.386+0000] {taskinstance.py:2778} INFO - 0 downstream tasks scheduled from follow-on schedule check
