[2024-01-05T06:26:03.242+0000] {taskinstance.py:1159} INFO - Dependencies all met for dep_context=non-requeueable deps ti=<TaskInstance: Task4.insert_into_orders scheduled__2024-01-04T14:38:00+00:00 [queued]>
[2024-01-05T06:26:03.266+0000] {taskinstance.py:1159} INFO - Dependencies all met for dep_context=requeueable deps ti=<TaskInstance: Task4.insert_into_orders scheduled__2024-01-04T14:38:00+00:00 [queued]>
[2024-01-05T06:26:03.268+0000] {taskinstance.py:1361} INFO - Starting attempt 1 of 2
[2024-01-05T06:26:03.302+0000] {taskinstance.py:1382} INFO - Executing <Task(PostgresOperator): insert_into_orders> on 2024-01-04 14:38:00+00:00
[2024-01-05T06:26:03.308+0000] {standard_task_runner.py:57} INFO - Started process 260 to run task
[2024-01-05T06:26:03.314+0000] {standard_task_runner.py:84} INFO - Running: ['***', 'tasks', 'run', 'Task4', 'insert_into_orders', 'scheduled__2024-01-04T14:38:00+00:00', '--job-id', '2291', '--raw', '--subdir', 'DAGS_FOLDER/Airflow-task-3.py', '--cfg-path', '/tmp/tmpehie0adv']
[2024-01-05T06:26:03.317+0000] {standard_task_runner.py:85} INFO - Job 2291: Subtask insert_into_orders
[2024-01-05T06:26:03.415+0000] {task_command.py:416} INFO - Running <TaskInstance: Task4.insert_into_orders scheduled__2024-01-04T14:38:00+00:00 [running]> on host 73272df13e14
[2024-01-05T06:26:03.557+0000] {taskinstance.py:1662} INFO - Exporting env vars: AIRFLOW_CTX_DAG_OWNER='Jagan' AIRFLOW_CTX_DAG_ID='Task4' AIRFLOW_CTX_TASK_ID='insert_into_orders' AIRFLOW_CTX_EXECUTION_DATE='2024-01-04T14:38:00+00:00' AIRFLOW_CTX_TRY_NUMBER='1' AIRFLOW_CTX_DAG_RUN_ID='scheduled__2024-01-04T14:38:00+00:00'
[2024-01-05T06:26:03.559+0000] {sql.py:274} INFO - Executing: 
    INSERT INTO Orders (customer_id, order_date)
    VALUES
        (1, NOW()),
        ( 2, NOW())
[2024-01-05T06:26:03.573+0000] {base.py:73} INFO - Using connection ID 'postgres_localhost' for task execution.
[2024-01-05T06:26:03.588+0000] {base.py:73} INFO - Using connection ID 'postgres_localhost' for task execution.
[2024-01-05T06:26:03.672+0000] {sql.py:418} INFO - Running statement: 
    INSERT INTO Orders (customer_id, order_date)
    VALUES
        (1, NOW()),
        ( 2, NOW()), parameters: None
[2024-01-05T06:26:03.682+0000] {sql.py:427} INFO - Rows affected: 2
[2024-01-05T06:26:03.703+0000] {taskinstance.py:1400} INFO - Marking task as SUCCESS. dag_id=Task4, task_id=insert_into_orders, execution_date=20240104T143800, start_date=20240105T062603, end_date=20240105T062603
[2024-01-05T06:26:03.768+0000] {local_task_job_runner.py:228} INFO - Task exited with return code 0
[2024-01-05T06:26:03.812+0000] {taskinstance.py:2778} INFO - 0 downstream tasks scheduled from follow-on schedule check
