[2024-01-05T06:37:44.166+0000] {taskinstance.py:1159} INFO - Dependencies all met for dep_context=non-requeueable deps ti=<TaskInstance: Task4.insert_into_product_returns scheduled__2024-01-05T01:18:00+00:00 [queued]>
[2024-01-05T06:37:44.201+0000] {taskinstance.py:1159} INFO - Dependencies all met for dep_context=requeueable deps ti=<TaskInstance: Task4.insert_into_product_returns scheduled__2024-01-05T01:18:00+00:00 [queued]>
[2024-01-05T06:37:44.202+0000] {taskinstance.py:1361} INFO - Starting attempt 1 of 2
[2024-01-05T06:37:44.315+0000] {taskinstance.py:1382} INFO - Executing <Task(PostgresOperator): insert_into_product_returns> on 2024-01-05 01:18:00+00:00
[2024-01-05T06:37:44.332+0000] {standard_task_runner.py:57} INFO - Started process 218 to run task
[2024-01-05T06:37:44.355+0000] {standard_task_runner.py:84} INFO - Running: ['***', 'tasks', 'run', 'Task4', 'insert_into_product_returns', 'scheduled__2024-01-05T01:18:00+00:00', '--job-id', '3181', '--raw', '--subdir', 'DAGS_FOLDER/Airflow-task-3.py', '--cfg-path', '/tmp/tmp86z2csbt']
[2024-01-05T06:37:44.363+0000] {standard_task_runner.py:85} INFO - Job 3181: Subtask insert_into_product_returns
[2024-01-05T06:37:44.563+0000] {task_command.py:416} INFO - Running <TaskInstance: Task4.insert_into_product_returns scheduled__2024-01-05T01:18:00+00:00 [running]> on host 439392e7318f
[2024-01-05T06:37:44.912+0000] {taskinstance.py:1662} INFO - Exporting env vars: AIRFLOW_CTX_DAG_OWNER='Jagan' AIRFLOW_CTX_DAG_ID='Task4' AIRFLOW_CTX_TASK_ID='insert_into_product_returns' AIRFLOW_CTX_EXECUTION_DATE='2024-01-05T01:18:00+00:00' AIRFLOW_CTX_TRY_NUMBER='1' AIRFLOW_CTX_DAG_RUN_ID='scheduled__2024-01-05T01:18:00+00:00'
[2024-01-05T06:37:44.916+0000] {sql.py:274} INFO - Executing: 
    INSERT INTO Product_returns ( customer_id, return_date)
    VALUES
        (1, NOW()),
        (2, NOW())
[2024-01-05T06:37:44.953+0000] {base.py:73} INFO - Using connection ID 'postgres_localhost' for task execution.
[2024-01-05T06:37:44.982+0000] {base.py:73} INFO - Using connection ID 'postgres_localhost' for task execution.
[2024-01-05T06:37:45.096+0000] {sql.py:418} INFO - Running statement: 
    INSERT INTO Product_returns ( customer_id, return_date)
    VALUES
        (1, NOW()),
        (2, NOW()), parameters: None
[2024-01-05T06:37:45.110+0000] {sql.py:427} INFO - Rows affected: 2
[2024-01-05T06:37:45.141+0000] {taskinstance.py:1400} INFO - Marking task as SUCCESS. dag_id=Task4, task_id=insert_into_product_returns, execution_date=20240105T011800, start_date=20240105T063744, end_date=20240105T063745
[2024-01-05T06:37:45.208+0000] {local_task_job_runner.py:228} INFO - Task exited with return code 0
[2024-01-05T06:37:45.273+0000] {taskinstance.py:2778} INFO - 0 downstream tasks scheduled from follow-on schedule check
