[2024-01-04T13:40:16.884+0000] {taskinstance.py:1159} INFO - Dependencies all met for dep_context=non-requeueable deps ti=<TaskInstance: Task5.calculate_purchase_details_task scheduled__2024-01-04T06:12:00+00:00 [queued]>
[2024-01-04T13:40:16.954+0000] {taskinstance.py:1159} INFO - Dependencies all met for dep_context=requeueable deps ti=<TaskInstance: Task5.calculate_purchase_details_task scheduled__2024-01-04T06:12:00+00:00 [queued]>
[2024-01-04T13:40:16.956+0000] {taskinstance.py:1361} INFO - Starting attempt 1 of 2
[2024-01-04T13:40:17.058+0000] {taskinstance.py:1382} INFO - Executing <Task(PostgresOperator): calculate_purchase_details_task> on 2024-01-04 06:12:00+00:00
[2024-01-04T13:40:17.079+0000] {standard_task_runner.py:57} INFO - Started process 998 to run task
[2024-01-04T13:40:17.183+0000] {standard_task_runner.py:84} INFO - Running: ['***', 'tasks', 'run', 'Task5', 'calculate_purchase_details_task', 'scheduled__2024-01-04T06:12:00+00:00', '--job-id', '2191', '--raw', '--subdir', 'DAGS_FOLDER/Airflow-task-4.py', '--cfg-path', '/tmp/tmpll3b8_f9']
[2024-01-04T13:40:17.195+0000] {standard_task_runner.py:85} INFO - Job 2191: Subtask calculate_purchase_details_task
[2024-01-04T13:40:17.612+0000] {task_command.py:416} INFO - Running <TaskInstance: Task5.calculate_purchase_details_task scheduled__2024-01-04T06:12:00+00:00 [running]> on host 399e7321ffbc
[2024-01-04T13:40:18.293+0000] {taskinstance.py:1662} INFO - Exporting env vars: AIRFLOW_CTX_DAG_OWNER='Jagan' AIRFLOW_CTX_DAG_ID='Task5' AIRFLOW_CTX_TASK_ID='calculate_purchase_details_task' AIRFLOW_CTX_EXECUTION_DATE='2024-01-04T06:12:00+00:00' AIRFLOW_CTX_TRY_NUMBER='1' AIRFLOW_CTX_DAG_RUN_ID='scheduled__2024-01-04T06:12:00+00:00'
[2024-01-04T13:40:18.318+0000] {sql.py:274} INFO - Executing: 
INSERT INTO Purchase_details (customer_id, total_orders, total_returns, created_time)
SELECT
    o.customer_id,
    COUNT(DISTINCT o.order_id) AS total_orders,
    COUNT(DISTINCT pr.return_id) AS total_returns,
    NOW() AS created_time
FROM
    Orders o
LEFT JOIN
    Product_returns pr ON o.customer_id = pr.customer_id
GROUP BY
    o.customer_id;
[2024-01-04T13:40:18.374+0000] {base.py:73} INFO - Using connection ID 'postgres_localhost' for task execution.
[2024-01-04T13:40:18.420+0000] {base.py:73} INFO - Using connection ID 'postgres_localhost' for task execution.
[2024-01-04T13:40:18.591+0000] {sql.py:418} INFO - Running statement: 
INSERT INTO Purchase_details (customer_id, total_orders, total_returns, created_time)
SELECT
    o.customer_id,
    COUNT(DISTINCT o.order_id) AS total_orders,
    COUNT(DISTINCT pr.return_id) AS total_returns,
    NOW() AS created_time
FROM
    Orders o
LEFT JOIN
    Product_returns pr ON o.customer_id = pr.customer_id
GROUP BY
    o.customer_id;, parameters: None
[2024-01-04T13:40:18.622+0000] {sql.py:427} INFO - Rows affected: 5
[2024-01-04T13:40:18.721+0000] {taskinstance.py:1400} INFO - Marking task as SUCCESS. dag_id=Task5, task_id=calculate_purchase_details_task, execution_date=20240104T061200, start_date=20240104T134016, end_date=20240104T134018
[2024-01-04T13:40:18.844+0000] {local_task_job_runner.py:228} INFO - Task exited with return code 0
[2024-01-04T13:40:18.959+0000] {taskinstance.py:2778} INFO - 0 downstream tasks scheduled from follow-on schedule check
