[2024-01-04T11:20:42.257+0000] {taskinstance.py:1159} INFO - Dependencies all met for dep_context=non-requeueable deps ti=<TaskInstance: Task-4.create_postgres_table scheduled__2024-01-02T00:00:00+00:00 [queued]>
[2024-01-04T11:20:42.333+0000] {taskinstance.py:1159} INFO - Dependencies all met for dep_context=requeueable deps ti=<TaskInstance: Task-4.create_postgres_table scheduled__2024-01-02T00:00:00+00:00 [queued]>
[2024-01-04T11:20:42.338+0000] {taskinstance.py:1361} INFO - Starting attempt 1 of 2
[2024-01-04T11:20:42.456+0000] {taskinstance.py:1382} INFO - Executing <Task(PostgresOperator): create_postgres_table> on 2024-01-02 00:00:00+00:00
[2024-01-04T11:20:42.471+0000] {standard_task_runner.py:57} INFO - Started process 2705 to run task
[2024-01-04T11:20:42.487+0000] {standard_task_runner.py:84} INFO - Running: ['***', 'tasks', 'run', 'Task-4', 'create_postgres_table', 'scheduled__2024-01-02T00:00:00+00:00', '--job-id', '94', '--raw', '--subdir', 'DAGS_FOLDER/Airflow-task-3.py', '--cfg-path', '/tmp/tmpwtfdwm1h']
[2024-01-04T11:20:42.498+0000] {standard_task_runner.py:85} INFO - Job 94: Subtask create_postgres_table
[2024-01-04T11:20:42.746+0000] {task_command.py:416} INFO - Running <TaskInstance: Task-4.create_postgres_table scheduled__2024-01-02T00:00:00+00:00 [running]> on host 89e7ff4d9ff4
[2024-01-04T11:20:42.986+0000] {taskinstance.py:1662} INFO - Exporting env vars: AIRFLOW_CTX_DAG_OWNER='***' AIRFLOW_CTX_DAG_ID='Task-4' AIRFLOW_CTX_TASK_ID='create_postgres_table' AIRFLOW_CTX_EXECUTION_DATE='2024-01-02T00:00:00+00:00' AIRFLOW_CTX_TRY_NUMBER='1' AIRFLOW_CTX_DAG_RUN_ID='scheduled__2024-01-02T00:00:00+00:00'
[2024-01-04T11:20:42.988+0000] {sql.py:274} INFO - Executing: 
            CREATE TABLE IF NOT EXISTS your_table_name (
                column1 datatype1,
                column2 datatype2,
                -- add more columns as needed
            );
        
[2024-01-04T11:20:43.007+0000] {base.py:73} INFO - Using connection ID 'postgres_localhost' for task execution.
[2024-01-04T11:20:43.057+0000] {base.py:73} INFO - Using connection ID 'postgres_localhost' for task execution.
[2024-01-04T11:20:43.211+0000] {taskinstance.py:1937} ERROR - Task failed with exception
Traceback (most recent call last):
  File "/home/airflow/.local/lib/python3.8/site-packages/airflow/providers/common/sql/operators/sql.py", line 280, in execute
    output = hook.run(
  File "/home/airflow/.local/lib/python3.8/site-packages/airflow/providers/common/sql/hooks/sql.py", line 385, in run
    with closing(self.get_conn()) as conn:
  File "/home/airflow/.local/lib/python3.8/site-packages/airflow/providers/postgres/hooks/postgres.py", line 155, in get_conn
    self.conn = psycopg2.connect(**conn_args)
  File "/home/airflow/.local/lib/python3.8/site-packages/psycopg2/__init__.py", line 122, in connect
    conn = _connect(dsn, connection_factory=connection_factory, **kwasync)
psycopg2.OperationalError: connection to server at "host.docker.internal" (192.168.65.254), port 5432 failed: FATAL:  password authentication failed for user "***"

[2024-01-04T11:20:43.247+0000] {taskinstance.py:1400} INFO - Marking task as UP_FOR_RETRY. dag_id=Task-4, task_id=create_postgres_table, execution_date=20240102T000000, start_date=20240104T112042, end_date=20240104T112043
[2024-01-04T11:20:43.300+0000] {standard_task_runner.py:104} ERROR - Failed to execute job 94 for task create_postgres_table (connection to server at "host.docker.internal" (192.168.65.254), port 5432 failed: FATAL:  password authentication failed for user "***"
; 2705)
[2024-01-04T11:20:43.327+0000] {local_task_job_runner.py:228} INFO - Task exited with return code 1
[2024-01-04T11:20:43.368+0000] {taskinstance.py:2778} INFO - 0 downstream tasks scheduled from follow-on schedule check
