[2024-01-05T06:33:28.920+0000] {taskinstance.py:1159} INFO - Dependencies all met for dep_context=non-requeueable deps ti=<TaskInstance: Task4.insert_into_orders scheduled__2024-01-04T22:48:00+00:00 [queued]>
[2024-01-05T06:33:28.954+0000] {taskinstance.py:1159} INFO - Dependencies all met for dep_context=requeueable deps ti=<TaskInstance: Task4.insert_into_orders scheduled__2024-01-04T22:48:00+00:00 [queued]>
[2024-01-05T06:33:28.956+0000] {taskinstance.py:1361} INFO - Starting attempt 1 of 2
[2024-01-05T06:33:29.302+0000] {taskinstance.py:1382} INFO - Executing <Task(PostgresOperator): insert_into_orders> on 2024-01-04 22:48:00+00:00
[2024-01-05T06:33:29.309+0000] {standard_task_runner.py:57} INFO - Started process 1739 to run task
[2024-01-05T06:33:29.315+0000] {standard_task_runner.py:84} INFO - Running: ['***', 'tasks', 'run', 'Task4', 'insert_into_orders', 'scheduled__2024-01-04T22:48:00+00:00', '--job-id', '2981', '--raw', '--subdir', 'DAGS_FOLDER/Airflow-task-3.py', '--cfg-path', '/tmp/tmp2fm6mv_6']
[2024-01-05T06:33:29.318+0000] {standard_task_runner.py:85} INFO - Job 2981: Subtask insert_into_orders
[2024-01-05T06:33:29.477+0000] {task_command.py:416} INFO - Running <TaskInstance: Task4.insert_into_orders scheduled__2024-01-04T22:48:00+00:00 [running]> on host 73272df13e14
[2024-01-05T06:33:29.745+0000] {taskinstance.py:1662} INFO - Exporting env vars: AIRFLOW_CTX_DAG_OWNER='Jagan' AIRFLOW_CTX_DAG_ID='Task4' AIRFLOW_CTX_TASK_ID='insert_into_orders' AIRFLOW_CTX_EXECUTION_DATE='2024-01-04T22:48:00+00:00' AIRFLOW_CTX_TRY_NUMBER='1' AIRFLOW_CTX_DAG_RUN_ID='scheduled__2024-01-04T22:48:00+00:00'
[2024-01-05T06:33:29.747+0000] {sql.py:274} INFO - Executing: 
    INSERT INTO Orders (customer_id, order_date)
    VALUES
        (1, NOW()),
        ( 2, NOW())
[2024-01-05T06:33:29.771+0000] {base.py:73} INFO - Using connection ID 'postgres_localhost' for task execution.
[2024-01-05T06:33:29.788+0000] {base.py:73} INFO - Using connection ID 'postgres_localhost' for task execution.
[2024-01-05T06:33:29.886+0000] {sql.py:418} INFO - Running statement: 
    INSERT INTO Orders (customer_id, order_date)
    VALUES
        (1, NOW()),
        ( 2, NOW()), parameters: None
[2024-01-05T06:33:29.899+0000] {sql.py:427} INFO - Rows affected: 2
[2024-01-05T06:33:29.921+0000] {taskinstance.py:1400} INFO - Marking task as SUCCESS. dag_id=Task4, task_id=insert_into_orders, execution_date=20240104T224800, start_date=20240105T063328, end_date=20240105T063329
[2024-01-05T06:33:29.972+0000] {local_task_job_runner.py:228} INFO - Task exited with return code 0
[2024-01-05T06:33:30.056+0000] {taskinstance.py:2778} INFO - 1 downstream tasks scheduled from follow-on schedule check
