[2024-01-04T12:21:35.555+0000] {taskinstance.py:1159} INFO - Dependencies all met for dep_context=non-requeueable deps ti=<TaskInstance: Task4.insert_into_product_returns scheduled__2024-01-04T10:58:00+00:00 [queued]>
[2024-01-04T12:21:35.573+0000] {taskinstance.py:1159} INFO - Dependencies all met for dep_context=requeueable deps ti=<TaskInstance: Task4.insert_into_product_returns scheduled__2024-01-04T10:58:00+00:00 [queued]>
[2024-01-04T12:21:35.574+0000] {taskinstance.py:1361} INFO - Starting attempt 1 of 2
[2024-01-04T12:21:35.599+0000] {taskinstance.py:1382} INFO - Executing <Task(PostgresOperator): insert_into_product_returns> on 2024-01-04 10:58:00+00:00
[2024-01-04T12:21:35.605+0000] {standard_task_runner.py:57} INFO - Started process 977 to run task
[2024-01-04T12:21:35.612+0000] {standard_task_runner.py:84} INFO - Running: ['***', 'tasks', 'run', 'Task4', 'insert_into_product_returns', 'scheduled__2024-01-04T10:58:00+00:00', '--job-id', '838', '--raw', '--subdir', 'DAGS_FOLDER/Airflow-task-3.py', '--cfg-path', '/tmp/tmpirhicxt9']
[2024-01-04T12:21:35.615+0000] {standard_task_runner.py:85} INFO - Job 838: Subtask insert_into_product_returns
[2024-01-04T12:21:35.724+0000] {task_command.py:416} INFO - Running <TaskInstance: Task4.insert_into_product_returns scheduled__2024-01-04T10:58:00+00:00 [running]> on host 399e7321ffbc
[2024-01-04T12:21:35.873+0000] {taskinstance.py:1662} INFO - Exporting env vars: AIRFLOW_CTX_DAG_OWNER='Jagan' AIRFLOW_CTX_DAG_ID='Task4' AIRFLOW_CTX_TASK_ID='insert_into_product_returns' AIRFLOW_CTX_EXECUTION_DATE='2024-01-04T10:58:00+00:00' AIRFLOW_CTX_TRY_NUMBER='1' AIRFLOW_CTX_DAG_RUN_ID='scheduled__2024-01-04T10:58:00+00:00'
[2024-01-04T12:21:35.875+0000] {sql.py:274} INFO - Executing: 
    INSERT INTO Product_returns (return_id, customer_id, return_date)
    VALUES
        (1, 1, NOW()),
        (2, 2, NOW())
    ON CONFLICT (return_id) DO NOTHING;
[2024-01-04T12:21:35.888+0000] {base.py:73} INFO - Using connection ID 'postgres_localhost' for task execution.
[2024-01-04T12:21:35.911+0000] {base.py:73} INFO - Using connection ID 'postgres_localhost' for task execution.
[2024-01-04T12:21:35.991+0000] {sql.py:418} INFO - Running statement: 
    INSERT INTO Product_returns (return_id, customer_id, return_date)
    VALUES
        (1, 1, NOW()),
        (2, 2, NOW())
    ON CONFLICT (return_id) DO NOTHING;, parameters: None
[2024-01-04T12:21:35.997+0000] {sql.py:427} INFO - Rows affected: 0
[2024-01-04T12:21:36.017+0000] {taskinstance.py:1400} INFO - Marking task as SUCCESS. dag_id=Task4, task_id=insert_into_product_returns, execution_date=20240104T105800, start_date=20240104T122135, end_date=20240104T122136
[2024-01-04T12:21:36.066+0000] {local_task_job_runner.py:228} INFO - Task exited with return code 0
[2024-01-04T12:21:36.242+0000] {taskinstance.py:2778} INFO - 0 downstream tasks scheduled from follow-on schedule check
