[2024-01-04T11:47:41.443+0000] {taskinstance.py:1159} INFO - Dependencies all met for dep_context=non-requeueable deps ti=<TaskInstance: Task4.insert_into_orders scheduled__2024-01-04T00:28:00+00:00 [queued]>
[2024-01-04T11:47:41.468+0000] {taskinstance.py:1159} INFO - Dependencies all met for dep_context=requeueable deps ti=<TaskInstance: Task4.insert_into_orders scheduled__2024-01-04T00:28:00+00:00 [queued]>
[2024-01-04T11:47:41.469+0000] {taskinstance.py:1361} INFO - Starting attempt 1 of 2
[2024-01-04T11:47:41.508+0000] {taskinstance.py:1382} INFO - Executing <Task(PostgresOperator): insert_into_orders> on 2024-01-04 00:28:00+00:00
[2024-01-04T11:47:41.521+0000] {standard_task_runner.py:57} INFO - Started process 3146 to run task
[2024-01-04T11:47:41.530+0000] {standard_task_runner.py:84} INFO - Running: ['***', 'tasks', 'run', 'Task4', 'insert_into_orders', 'scheduled__2024-01-04T00:28:00+00:00', '--job-id', '116', '--raw', '--subdir', 'DAGS_FOLDER/Airflow-task-3.py', '--cfg-path', '/tmp/tmpyi_g8rv4']
[2024-01-04T11:47:41.534+0000] {standard_task_runner.py:85} INFO - Job 116: Subtask insert_into_orders
[2024-01-04T11:47:41.694+0000] {task_command.py:416} INFO - Running <TaskInstance: Task4.insert_into_orders scheduled__2024-01-04T00:28:00+00:00 [running]> on host 89e7ff4d9ff4
[2024-01-04T11:47:41.957+0000] {taskinstance.py:1662} INFO - Exporting env vars: AIRFLOW_CTX_DAG_OWNER='***' AIRFLOW_CTX_DAG_ID='Task4' AIRFLOW_CTX_TASK_ID='insert_into_orders' AIRFLOW_CTX_EXECUTION_DATE='2024-01-04T00:28:00+00:00' AIRFLOW_CTX_TRY_NUMBER='1' AIRFLOW_CTX_DAG_RUN_ID='scheduled__2024-01-04T00:28:00+00:00'
[2024-01-04T11:47:41.959+0000] {sql.py:274} INFO - Executing: 
    INSERT INTO Orders (order_id, customer_id, order_date)
    VALUES
        (1, 1, NOW() - INTERVAL '1 minute'),
        (2, 2, NOW() - INTERVAL '1 minute')
    ON CONFLICT (order_id) DO NOTHING;
[2024-01-04T11:47:42.007+0000] {taskinstance.py:1937} ERROR - Task failed with exception
Traceback (most recent call last):
  File "/home/airflow/.local/lib/python3.8/site-packages/airflow/providers/common/sql/operators/sql.py", line 275, in execute
    hook = self.get_db_hook()
  File "/home/airflow/.local/lib/python3.8/site-packages/airflow/providers/common/sql/operators/sql.py", line 186, in get_db_hook
    return self._hook
  File "/usr/local/lib/python3.8/functools.py", line 967, in __get__
    val = self.func(instance)
  File "/home/airflow/.local/lib/python3.8/site-packages/airflow/providers/common/sql/operators/sql.py", line 148, in _hook
    conn = BaseHook.get_connection(conn_id)
  File "/home/airflow/.local/lib/python3.8/site-packages/airflow/hooks/base.py", line 72, in get_connection
    conn = Connection.get_connection_from_secrets(conn_id)
  File "/home/airflow/.local/lib/python3.8/site-packages/airflow/models/connection.py", line 477, in get_connection_from_secrets
    raise AirflowNotFoundException(f"The conn_id `{conn_id}` isn't defined")
airflow.exceptions.AirflowNotFoundException: The conn_id `***-postgres` isn't defined
[2024-01-04T11:47:42.025+0000] {taskinstance.py:1400} INFO - Marking task as UP_FOR_RETRY. dag_id=Task4, task_id=insert_into_orders, execution_date=20240104T002800, start_date=20240104T114741, end_date=20240104T114742
[2024-01-04T11:47:42.063+0000] {standard_task_runner.py:104} ERROR - Failed to execute job 116 for task insert_into_orders (The conn_id `***-postgres` isn't defined; 3146)
[2024-01-04T11:47:42.108+0000] {local_task_job_runner.py:228} INFO - Task exited with return code 1
[2024-01-04T11:47:42.458+0000] {taskinstance.py:2778} INFO - 0 downstream tasks scheduled from follow-on schedule check
